#
# There is insufficient memory for the Java Runtime Environment to continue.
# Native memory allocation (mmap) failed to map 266338304 bytes for committing reserved memory.
# Possible reasons:
#   The system is out of physical RAM or swap space
#   The process is running with CompressedOops enabled, and the Java Heap may be blocking the growth of the native heap
# Possible solutions:
#   Reduce memory load on the system
#   Increase physical memory or swap space
#   Check if swap backing store is full
#   Decrease Java heap size (-Xmx/-Xms)
#   Decrease number of Java threads
#   Decrease Java thread stack sizes (-Xss)
#   Set larger code cache with -XX:ReservedCodeCacheSize=
#   JVM is running with Unscaled Compressed Oops mode in which the Java heap is
#     placed in the first 4GB address space. The Java Heap base address is the
#     maximum limit for the native heap growth. Please use -XX:HeapBaseMinAddress
#     to set the Java Heap base and to place the Java Heap above 4GB virtual address.
# This output file may be truncated or incomplete.
#
#  Out of Memory Error (os_linux.cpp:2719), pid=2363, tid=2375
#
# JRE version: OpenJDK Runtime Environment (11.0.3+7) (build 11.0.3+7-Ubuntu-1ubuntu218.04.1)
# Java VM: OpenJDK 64-Bit Server VM (11.0.3+7-Ubuntu-1ubuntu218.04.1, mixed mode, sharing, tiered, compressed oops, g1 gc, linux-amd64)
# Core dump will be written. Default location: Core dumps may be processed with "/usr/share/apport/apport %p %s %c %d %P" (or dumping to /home/msd026/eclipse-workspace/UnitTest/core.2363)
#

---------------  S U M M A R Y ------------

Command Line: -Dfile.encoding=UTF-8 com.st.model.Main

Host: Intel(R) Core(TM) i3-4005U CPU @ 1.70GHz, 4 cores, 3G, Ubuntu 18.04.2 LTS
Time: Wed Jul  3 18:08:25 2019 CDT elapsed time: 2050 seconds (0d 0h 34m 10s)

---------------  T H R E A D  ---------------

Current thread (0x00007fad880b4000):  VMThread "VM Thread" [stack: 0x00007fad7059e000,0x00007fad7069e000] [id=2375]

Stack: [0x00007fad7059e000,0x00007fad7069e000],  sp=0x00007fad7069bff0,  free space=1015k
Native frames: (J=compiled Java code, A=aot compiled Java code, j=interpreted, Vv=VM code, C=native code)
V  [libjvm.so+0xde1587]
V  [libjvm.so+0xde21db]
V  [libjvm.so+0x650895]
V  [libjvm.so+0xbbc6c8]
V  [libjvm.so+0xbb3f2d]
V  [libjvm.so+0x76ea7f]
V  [libjvm.so+0x76ecee]
V  [libjvm.so+0x77ad60]
V  [libjvm.so+0x7f5e29]
V  [libjvm.so+0x7f6a82]
V  [libjvm.so+0x7f6ee9]
V  [libjvm.so+0x72d3af]
V  [libjvm.so+0x7320aa]
V  [libjvm.so+0xded011]
V  [libjvm.so+0xdebbd8]
V  [libjvm.so+0xde9466]
V  [libjvm.so+0xde992e]
V  [libjvm.so+0xde9d53]
V  [libjvm.so+0xd7805a]
V  [libjvm.so+0xbc238e]

VM_Operation (0x00007fad917bd550): G1CollectForAllocation, mode: safepoint, requested by thread 0x00007fad88010800


---------------  P R O C E S S  ---------------

Threads class SMR info:
_java_thread_list=0x00007fad24000b20, length=9, elements={
0x00007fad88010800, 0x00007fad880b7000, 0x00007fad880b9000, 0x00007fad880be800,
0x00007fad880c0800, 0x00007fad880c2800, 0x00007fad880c4800, 0x00007fad88104800,
0x00007fad8810c800
}

Java Threads: ( => current thread )
  0x00007fad88010800 JavaThread "main" [_thread_blocked, id=2369, stack(0x00007fad916be000,0x00007fad917bf000)]
  0x00007fad880b7000 JavaThread "Reference Handler" daemon [_thread_blocked, id=2376, stack(0x00007fad7049b000,0x00007fad7059c000)]
  0x00007fad880b9000 JavaThread "Finalizer" daemon [_thread_blocked, id=2377, stack(0x00007fad7039a000,0x00007fad7049b000)]
  0x00007fad880be800 JavaThread "Signal Dispatcher" daemon [_thread_blocked, id=2378, stack(0x00007fad70299000,0x00007fad7039a000)]
  0x00007fad880c0800 JavaThread "C2 CompilerThread0" daemon [_thread_blocked, id=2379, stack(0x00007fad70198000,0x00007fad70299000)]
  0x00007fad880c2800 JavaThread "C1 CompilerThread0" daemon [_thread_blocked, id=2380, stack(0x00007fad70097000,0x00007fad70198000)]
  0x00007fad880c4800 JavaThread "Sweeper thread" daemon [_thread_blocked, id=2381, stack(0x00007fad687e7000,0x00007fad688e8000)]
  0x00007fad88104800 JavaThread "Service Thread" daemon [_thread_blocked, id=2382, stack(0x00007fad686e6000,0x00007fad687e7000)]
  0x00007fad8810c800 JavaThread "Common-Cleaner" daemon [_thread_blocked, id=2384, stack(0x00007fad684e3000,0x00007fad685e4000)]

Other Threads:
=>0x00007fad880b4000 VMThread "VM Thread" [stack: 0x00007fad7059e000,0x00007fad7069e000] [id=2375]
  0x00007fad88106800 WatcherThread [stack: 0x00007fad685e6000,0x00007fad686e6000] [id=2383]
  0x00007fad88027000 GCTaskThread "GC Thread#0" [stack: 0x00007fad8defd000,0x00007fad8dffd000] [id=2370]
  0x00007fad58001000 GCTaskThread "GC Thread#1" [stack: 0x00007fad4b430000,0x00007fad4b530000] [id=2390]
  0x00007fad5805b000 GCTaskThread "GC Thread#2" [stack: 0x00007fad4b32e000,0x00007fad4b42e000] [id=2392]
  0x00007fad5805c000 GCTaskThread "GC Thread#3" [stack: 0x00007fad4b22c000,0x00007fad4b32c000] [id=2393]
  0x00007fad88041800 ConcurrentGCThread "G1 Main Marker" [stack: 0x00007fad8c536000,0x00007fad8c636000] [id=2371]
  0x00007fad88043800 ConcurrentGCThread "G1 Conc#0" [stack: 0x00007fad8c434000,0x00007fad8c534000] [id=2372]
  0x00007fad88087000 ConcurrentGCThread "G1 Refine#0" [stack: 0x00007fad7087e000,0x00007fad7097e000] [id=2373]
  0x00007fad88088800 ConcurrentGCThread "G1 Young RemSet Sampling" [stack: 0x00007fad7077c000,0x00007fad7087c000] [id=2374]

Threads with active compile tasks:

VM state:at safepoint (normal execution)

VM Mutex/Monitor currently owned by a thread:  ([mutex/lock_event])
[0x00007fad8800ebe0] Threads_lock - owner thread: 0x00007fad880b4000
[0x00007fad8800f330] Heap_lock - owner thread: 0x00007fad88010800

Heap address: 0x00000000c3a00000, size: 966 MB, Compressed Oops mode: 32-bit
Narrow klass base: 0x0000000800000000, Narrow klass shift: 3
Compressed class space size: 1073741824 Address: 0x0000000840000000

Heap:
 garbage-first heap   total 599040K, used 1195K [0x00000000c3a00000, 0x0000000100000000)
  region size 1024K, 1 young (1024K), 1 survivors (1024K)
 Metaspace       used 528K, capacity 4531K, committed 4864K, reserved 1056768K
  class space    used 35K, capacity 401K, committed 512K, reserved 1048576K
Heap Regions: E=young(eden), S=young(survivor), O=old, HS=humongous(starts), HC=humongous(continues), CS=collection set, F=free, A=archive, TAMS=top-at-mark-start (previous, next)
|   0|0x00000000c3a00000, 0x00000000c3a8a400, 0x00000000c3b00000| 54%| O|  |TAMS 0x00000000c3a00000, 0x00000000c3a00000| Untracked 
|   1|0x00000000c3b00000, 0x00000000c3b00000, 0x00000000c3c00000|  0%| F|  |TAMS 0x00000000c3b00000, 0x00000000c3b00000| Untracked 
|   2|0x00000000c3c00000, 0x00000000c3c00000, 0x00000000c3d00000|  0%| F|  |TAMS 0x00000000c3c00000, 0x00000000c3c00000| Untracked 
|   3|0x00000000c3d00000, 0x00000000c3d00000, 0x00000000c3e00000|  0%| F|  |TAMS 0x00000000c3d00000, 0x00000000c3d00000| Untracked 
|   4|0x00000000c3e00000, 0x00000000c3e00000, 0x00000000c3f00000|  0%| F|  |TAMS 0x00000000c3e00000, 0x00000000c3e00000| Untracked 
|   5|0x00000000c3f00000, 0x00000000c3f00000, 0x00000000c4000000|  0%| F|  |TAMS 0x00000000c3f00000, 0x00000000c3f00000| Untracked 
|   6|0x00000000c4000000, 0x00000000c4000000, 0x00000000c4100000|  0%| F|  |TAMS 0x00000000c4000000, 0x00000000c4000000| Untracked 
|   7|0x00000000c4100000, 0x00000000c4100000, 0x00000000c4200000|  0%| F|  |TAMS 0x00000000c4100000, 0x00000000c4100000| Untracked 
|   8|0x00000000c4200000, 0x00000000c4200000, 0x00000000c4300000|  0%| F|  |TAMS 0x00000000c4200000, 0x00000000c4200000| Untracked 
|   9|0x00000000c4300000, 0x00000000c4300000, 0x00000000c4400000|  0%| F|  |TAMS 0x00000000c4300000, 0x00000000c4300000| Untracked 
|  10|0x00000000c4400000, 0x00000000c4400000, 0x00000000c4500000|  0%| F|  |TAMS 0x00000000c4400000, 0x00000000c4400000| Untracked 
|  11|0x00000000c4500000, 0x00000000c4500000, 0x00000000c4600000|  0%| F|  |TAMS 0x00000000c4500000, 0x00000000c4500000| Untracked 
|  12|0x00000000c4600000, 0x00000000c4600000, 0x00000000c4700000|  0%| F|  |TAMS 0x00000000c4600000, 0x00000000c4600000| Untracked 
|  13|0x00000000c4700000, 0x00000000c4700000, 0x00000000c4800000|  0%| F|  |TAMS 0x00000000c4700000, 0x00000000c4700000| Untracked 
|  14|0x00000000c4800000, 0x00000000c4800000, 0x00000000c4900000|  0%| F|  |TAMS 0x00000000c4800000, 0x00000000c4800000| Untracked 
|  15|0x00000000c4900000, 0x00000000c4900000, 0x00000000c4a00000|  0%| F|  |TAMS 0x00000000c4900000, 0x00000000c4900000| Untracked 
|  16|0x00000000c4a00000, 0x00000000c4a00000, 0x00000000c4b00000|  0%| F|  |TAMS 0x00000000c4a00000, 0x00000000c4a00000| Untracked 
|  17|0x00000000c4b00000, 0x00000000c4b00000, 0x00000000c4c00000|  0%| F|  |TAMS 0x00000000c4b00000, 0x00000000c4b00000| Untracked 
|  18|0x00000000c4c00000, 0x00000000c4c00000, 0x00000000c4d00000|  0%| F|  |TAMS 0x00000000c4c00000, 0x00000000c4c00000| Untracked 
|  19|0x00000000c4d00000, 0x00000000c4d00000, 0x00000000c4e00000|  0%| F|  |TAMS 0x00000000c4d00000, 0x00000000c4d00000| Untracked 
|  20|0x00000000c4e00000, 0x00000000c4e00000, 0x00000000c4f00000|  0%| F|  |TAMS 0x00000000c4e00000, 0x00000000c4e00000| Untracked 
|  21|0x00000000c4f00000, 0x00000000c4f00000, 0x00000000c5000000|  0%| F|  |TAMS 0x00000000c4f00000, 0x00000000c4f00000| Untracked 
|  22|0x00000000c5000000, 0x00000000c5000000, 0x00000000c5100000|  0%| F|  |TAMS 0x00000000c5000000, 0x00000000c5000000| Untracked 
|  23|0x00000000c5100000, 0x00000000c5100000, 0x00000000c5200000|  0%| F|  |TAMS 0x00000000c5100000, 0x00000000c5100000| Untracked 
|  24|0x00000000c5200000, 0x00000000c5200000, 0x00000000c5300000|  0%| F|  |TAMS 0x00000000c5200000, 0x00000000c5200000| Untracked 
|  25|0x00000000c5300000, 0x00000000c5300000, 0x00000000c5400000|  0%| F|  |TAMS 0x00000000c5300000, 0x00000000c5300000| Untracked 
|  26|0x00000000c5400000, 0x00000000c5400000, 0x00000000c5500000|  0%| F|  |TAMS 0x00000000c5400000, 0x00000000c5400000| Untracked 
|  27|0x00000000c5500000, 0x00000000c5500000, 0x00000000c5600000|  0%| F|  |TAMS 0x00000000c5500000, 0x00000000c5500000| Untracked 
|  28|0x00000000c5600000, 0x00000000c5600000, 0x00000000c5700000|  0%| F|  |TAMS 0x00000000c5600000, 0x00000000c5600000| Untracked 
|  29|0x00000000c5700000, 0x00000000c5700000, 0x00000000c5800000|  0%| F|  |TAMS 0x00000000c5700000, 0x00000000c5700000| Untracked 
|  30|0x00000000c5800000, 0x00000000c5800000, 0x00000000c5900000|  0%| F|  |TAMS 0x00000000c5800000, 0x00000000c5800000| Untracked 
|  31|0x00000000c5900000, 0x00000000c5900000, 0x00000000c5a00000|  0%| F|  |TAMS 0x00000000c5900000, 0x00000000c5900000| Untracked 
|  32|0x00000000c5a00000, 0x00000000c5a00000, 0x00000000c5b00000|  0%| F|  |TAMS 0x00000000c5a00000, 0x00000000c5a00000| Untracked 
|  33|0x00000000c5b00000, 0x00000000c5b00000, 0x00000000c5c00000|  0%| F|  |TAMS 0x00000000c5b00000, 0x00000000c5b00000| Untracked 
|  34|0x00000000c5c00000, 0x00000000c5c00000, 0x00000000c5d00000|  0%| F|  |TAMS 0x00000000c5c00000, 0x00000000c5c00000| Untracked 
|  35|0x00000000c5d00000, 0x00000000c5d00000, 0x00000000c5e00000|  0%| F|  |TAMS 0x00000000c5d00000, 0x00000000c5d00000| Untracked 
|  36|0x00000000c5e00000, 0x00000000c5e00000, 0x00000000c5f00000|  0%| F|  |TAMS 0x00000000c5e00000, 0x00000000c5e00000| Untracked 
|  37|0x00000000c5f00000, 0x00000000c5f00000, 0x00000000c6000000|  0%| F|  |TAMS 0x00000000c5f00000, 0x00000000c5f00000| Untracked 
|  38|0x00000000c6000000, 0x00000000c6000000, 0x00000000c6100000|  0%| F|  |TAMS 0x00000000c6000000, 0x00000000c6000000| Untracked 
|  39|0x00000000c6100000, 0x00000000c6100000, 0x00000000c6200000|  0%| F|  |TAMS 0x00000000c6100000, 0x00000000c6100000| Untracked 
|  40|0x00000000c6200000, 0x00000000c6200000, 0x00000000c6300000|  0%| F|  |TAMS 0x00000000c6200000, 0x00000000c6200000| Untracked 
|  41|0x00000000c6300000, 0x00000000c6300000, 0x00000000c6400000|  0%| F|  |TAMS 0x00000000c6300000, 0x00000000c6300000| Untracked 
|  42|0x00000000c6400000, 0x00000000c6400000, 0x00000000c6500000|  0%| F|  |TAMS 0x00000000c6400000, 0x00000000c6400000| Untracked 
|  43|0x00000000c6500000, 0x00000000c6500000, 0x00000000c6600000|  0%| F|  |TAMS 0x00000000c6500000, 0x00000000c6500000| Untracked 
|  44|0x00000000c6600000, 0x00000000c6600000, 0x00000000c6700000|  0%| F|  |TAMS 0x00000000c6600000, 0x00000000c6600000| Untracked 
|  45|0x00000000c6700000, 0x00000000c6700000, 0x00000000c6800000|  0%| F|  |TAMS 0x00000000c6700000, 0x00000000c6700000| Untracked 
|  46|0x00000000c6800000, 0x00000000c6800000, 0x00000000c6900000|  0%| F|  |TAMS 0x00000000c6800000, 0x00000000c6800000| Untracked 
|  47|0x00000000c6900000, 0x00000000c6900000, 0x00000000c6a00000|  0%| F|  |TAMS 0x00000000c6900000, 0x00000000c6900000| Untracked 
|  48|0x00000000c6a00000, 0x00000000c6a00000, 0x00000000c6b00000|  0%| F|  |TAMS 0x00000000c6a00000, 0x00000000c6a00000| Untracked 
|  49|0x00000000c6b00000, 0x00000000c6b00000, 0x00000000c6c00000|  0%| F|  |TAMS 0x00000000c6b00000, 0x00000000c6b00000| Untracked 
|  50|0x00000000c6c00000, 0x00000000c6c00000, 0x00000000c6d00000|  0%| F|  |TAMS 0x00000000c6c00000, 0x00000000c6c00000| Untracked 
|  51|0x00000000c6d00000, 0x00000000c6d00000, 0x00000000c6e00000|  0%| F|  |TAMS 0x00000000c6d00000, 0x00000000c6d00000| Untracked 
|  52|0x00000000c6e00000, 0x00000000c6e00000, 0x00000000c6f00000|  0%| F|  |TAMS 0x00000000c6e00000, 0x00000000c6e00000| Untracked 
|  53|0x00000000c6f00000, 0x00000000c6f00000, 0x00000000c7000000|  0%| F|  |TAMS 0x00000000c6f00000, 0x00000000c6f00000| Untracked 
|  54|0x00000000c7000000, 0x00000000c7000000, 0x00000000c7100000|  0%| F|  |TAMS 0x00000000c7000000, 0x00000000c7000000| Untracked 
|  55|0x00000000c7100000, 0x00000000c7100000, 0x00000000c7200000|  0%| F|  |TAMS 0x00000000c7100000, 0x00000000c7100000| Untracked 
|  56|0x00000000c7200000, 0x00000000c7200000, 0x00000000c7300000|  0%| F|  |TAMS 0x00000000c7200000, 0x00000000c7200000| Untracked 
|  57|0x00000000c7300000, 0x00000000c7300000, 0x00000000c7400000|  0%| F|  |TAMS 0x00000000c7300000, 0x00000000c7300000| Untracked 
|  58|0x00000000c7400000, 0x00000000c7400000, 0x00000000c7500000|  0%| F|  |TAMS 0x00000000c7400000, 0x00000000c7400000| Untracked 
|  59|0x00000000c7500000, 0x00000000c7500000, 0x00000000c7600000|  0%| F|  |TAMS 0x00000000c7500000, 0x00000000c7500000| Untracked 
|  60|0x00000000c7600000, 0x00000000c7600000, 0x00000000c7700000|  0%| F|  |TAMS 0x00000000c7600000, 0x00000000c7600000| Untracked 
|  61|0x00000000c7700000, 0x00000000c7700000, 0x00000000c7800000|  0%| F|  |TAMS 0x00000000c7700000, 0x00000000c7700000| Untracked 
|  62|0x00000000c7800000, 0x00000000c7800000, 0x00000000c7900000|  0%| F|  |TAMS 0x00000000c7800000, 0x00000000c7800000| Untracked 
|  63|0x00000000c7900000, 0x00000000c7900000, 0x00000000c7a00000|  0%| F|  |TAMS 0x00000000c7900000, 0x00000000c7900000| Untracked 
|  64|0x00000000c7a00000, 0x00000000c7a00000, 0x00000000c7b00000|  0%| F|  |TAMS 0x00000000c7a00000, 0x00000000c7a00000| Untracked 
|  65|0x00000000c7b00000, 0x00000000c7b00000, 0x00000000c7c00000|  0%| F|  |TAMS 0x00000000c7b00000, 0x00000000c7b00000| Untracked 
|  66|0x00000000c7c00000, 0x00000000c7c00000, 0x00000000c7d00000|  0%| F|  |TAMS 0x00000000c7c00000, 0x00000000c7c00000| Untracked 
|  67|0x00000000c7d00000, 0x00000000c7d00000, 0x00000000c7e00000|  0%| F|  |TAMS 0x00000000c7d00000, 0x00000000c7d00000| Untracked 
|  68|0x00000000c7e00000, 0x00000000c7e00000, 0x00000000c7f00000|  0%| F|  |TAMS 0x00000000c7e00000, 0x00000000c7e00000| Untracked 
|  69|0x00000000c7f00000, 0x00000000c7f00000, 0x00000000c8000000|  0%| F|  |TAMS 0x00000000c7f00000, 0x00000000c7f00000| Untracked 
|  70|0x00000000c8000000, 0x00000000c8000000, 0x00000000c8100000|  0%| F|  |TAMS 0x00000000c8000000, 0x00000000c8000000| Untracked 
|  71|0x00000000c8100000, 0x00000000c8100000, 0x00000000c8200000|  0%| F|  |TAMS 0x00000000c8100000, 0x00000000c8100000| Untracked 
|  72|0x00000000c8200000, 0x00000000c8200000, 0x00000000c8300000|  0%| F|  |TAMS 0x00000000c8200000, 0x00000000c8200000| Untracked 
|  73|0x00000000c8300000, 0x00000000c8300000, 0x00000000c8400000|  0%| F|  |TAMS 0x00000000c8300000, 0x00000000c8300000| Untracked 
|  74|0x00000000c8400000, 0x00000000c8400000, 0x00000000c8500000|  0%| F|  |TAMS 0x00000000c8400000, 0x00000000c8400000| Untracked 
|  75|0x00000000c8500000, 0x00000000c8500000, 0x00000000c8600000|  0%| F|  |TAMS 0x00000000c8500000, 0x00000000c8500000| Untracked 
|  76|0x00000000c8600000, 0x00000000c8600000, 0x00000000c8700000|  0%| F|  |TAMS 0x00000000c8600000, 0x00000000c8600000| Untracked 
|  77|0x00000000c8700000, 0x00000000c8700000, 0x00000000c8800000|  0%| F|  |TAMS 0x00000000c8700000, 0x00000000c8700000| Untracked 
|  78|0x00000000c8800000, 0x00000000c8800000, 0x00000000c8900000|  0%| F|  |TAMS 0x00000000c8800000, 0x00000000c8800000| Untracked 
|  79|0x00000000c8900000, 0x00000000c8900000, 0x00000000c8a00000|  0%| F|  |TAMS 0x00000000c8900000, 0x00000000c8900000| Untracked 
|  80|0x00000000c8a00000, 0x00000000c8a00000, 0x00000000c8b00000|  0%| F|  |TAMS 0x00000000c8a00000, 0x00000000c8a00000| Untracked 
|  81|0x00000000c8b00000, 0x00000000c8b00000, 0x00000000c8c00000|  0%| F|  |TAMS 0x00000000c8b00000, 0x00000000c8b00000| Untracked 
|  82|0x00000000c8c00000, 0x00000000c8c00000, 0x00000000c8d00000|  0%| F|  |TAMS 0x00000000c8c00000, 0x00000000c8c00000| Untracked 
|  83|0x00000000c8d00000, 0x00000000c8d00000, 0x00000000c8e00000|  0%| F|  |TAMS 0x00000000c8d00000, 0x00000000c8d00000| Untracked 
|  84|0x00000000c8e00000, 0x00000000c8e00000, 0x00000000c8f00000|  0%| F|  |TAMS 0x00000000c8e00000, 0x00000000c8e00000| Untracked 
|  85|0x00000000c8f00000, 0x00000000c8f00000, 0x00000000c9000000|  0%| F|  |TAMS 0x00000000c8f00000, 0x00000000c8f00000| Untracked 
|  86|0x00000000c9000000, 0x00000000c9000000, 0x00000000c9100000|  0%| F|  |TAMS 0x00000000c9000000, 0x00000000c9000000| Untracked 
|  87|0x00000000c9100000, 0x00000000c9100000, 0x00000000c9200000|  0%| F|  |TAMS 0x00000000c9100000, 0x00000000c9100000| Untracked 
|  88|0x00000000c9200000, 0x00000000c9200000, 0x00000000c9300000|  0%| F|  |TAMS 0x00000000c9200000, 0x00000000c9200000| Untracked 
|  89|0x00000000c9300000, 0x00000000c9300000, 0x00000000c9400000|  0%| F|  |TAMS 0x00000000c9300000, 0x00000000c9300000| Untracked 
|  90|0x00000000c9400000, 0x00000000c9400000, 0x00000000c9500000|  0%| F|  |TAMS 0x00000000c9400000, 0x00000000c9400000| Untracked 
|  91|0x00000000c9500000, 0x00000000c9500000, 0x00000000c9600000|  0%| F|  |TAMS 0x00000000c9500000, 0x00000000c9500000| Untracked 
|  92|0x00000000c9600000, 0x00000000c9600000, 0x00000000c9700000|  0%| F|  |TAMS 0x00000000c9600000, 0x00000000c9600000| Untracked 
|  93|0x00000000c9700000, 0x00000000c9700000, 0x00000000c9800000|  0%| F|  |TAMS 0x00000000c9700000, 0x00000000c9700000| Untracked 
|  94|0x00000000c9800000, 0x00000000c9800000, 0x00000000c9900000|  0%| F|  |TAMS 0x00000000c9800000, 0x00000000c9800000| Untracked 
|  95|0x00000000c9900000, 0x00000000c9900000, 0x00000000c9a00000|  0%| F|  |TAMS 0x00000000c9900000, 0x00000000c9900000| Untracked 
|  96|0x00000000c9a00000, 0x00000000c9a00000, 0x00000000c9b00000|  0%| F|  |TAMS 0x00000000c9a00000, 0x00000000c9a00000| Untracked 
|  97|0x00000000c9b00000, 0x00000000c9b00000, 0x00000000c9c00000|  0%| F|  |TAMS 0x00000000c9b00000, 0x00000000c9b00000| Untracked 
|  98|0x00000000c9c00000, 0x00000000c9c00000, 0x00000000c9d00000|  0%| F|  |TAMS 0x00000000c9c00000, 0x00000000c9c00000| Untracked 
|  99|0x00000000c9d00000, 0x00000000c9d00000, 0x00000000c9e00000|  0%| F|  |TAMS 0x00000000c9d00000, 0x00000000c9d00000| Untracked 
| 100|0x00000000c9e00000, 0x00000000c9e00000, 0x00000000c9f00000|  0%| F|  |TAMS 0x00000000c9e00000, 0x00000000c9e00000| Untracked 
| 101|0x00000000c9f00000, 0x00000000c9f00000, 0x00000000ca000000|  0%| F|  |TAMS 0x00000000c9f00000, 0x00000000c9f00000| Untracked 
| 102|0x00000000ca000000, 0x00000000ca000000, 0x00000000ca100000|  0%| F|  |TAMS 0x00000000ca000000, 0x00000000ca000000| Untracked 
| 103|0x00000000ca100000, 0x00000000ca100000, 0x00000000ca200000|  0%| F|  |TAMS 0x00000000ca100000, 0x00000000ca100000| Untracked 
| 104|0x00000000ca200000, 0x00000000ca200000, 0x00000000ca300000|  0%| F|  |TAMS 0x00000000ca200000, 0x00000000ca200000| Untracked 
| 105|0x00000000ca300000, 0x00000000ca300000, 0x00000000ca400000|  0%| F|  |TAMS 0x00000000ca300000, 0x00000000ca300000| Untracked 
| 106|0x00000000ca400000, 0x00000000ca400000, 0x00000000ca500000|  0%| F|  |TAMS 0x00000000ca400000, 0x00000000ca400000| Untracked 
| 107|0x00000000ca500000, 0x00000000ca500000, 0x00000000ca600000|  0%| F|  |TAMS 0x00000000ca500000, 0x00000000ca500000| Untracked 
| 108|0x00000000ca600000, 0x00000000ca600000, 0x00000000ca700000|  0%| F|  |TAMS 0x00000000ca600000, 0x00000000ca600000| Untracked 
| 109|0x00000000ca700000, 0x00000000ca700000, 0x00000000ca800000|  0%| F|  |TAMS 0x00000000ca700000, 0x00000000ca700000| Untracked 
| 110|0x00000000ca800000, 0x00000000ca800000, 0x00000000ca900000|  0%| F|  |TAMS 0x00000000ca800000, 0x00000000ca800000| Untracked 
| 111|0x00000000ca900000, 0x00000000ca900000, 0x00000000caa00000|  0%| F|  |TAMS 0x00000000ca900000, 0x00000000ca900000| Untracked 
| 112|0x00000000caa00000, 0x00000000caa00000, 0x00000000cab00000|  0%| F|  |TAMS 0x00000000caa00000, 0x00000000caa00000| Untracked 
| 113|0x00000000cab00000, 0x00000000cab00000, 0x00000000cac00000|  0%| F|  |TAMS 0x00000000cab00000, 0x00000000cab00000| Untracked 
| 114|0x00000000cac00000, 0x00000000cac00000, 0x00000000cad00000|  0%| F|  |TAMS 0x00000000cac00000, 0x00000000cac00000| Untracked 
| 115|0x00000000cad00000, 0x00000000cad00000, 0x00000000cae00000|  0%| F|  |TAMS 0x00000000cad00000, 0x00000000cad00000| Untracked 
| 116|0x00000000cae00000, 0x00000000cae00000, 0x00000000caf00000|  0%| F|  |TAMS 0x00000000cae00000, 0x00000000cae00000| Untracked 
| 117|0x00000000caf00000, 0x00000000caf00000, 0x00000000cb000000|  0%| F|  |TAMS 0x00000000caf00000, 0x00000000caf00000| Untracked 
| 118|0x00000000cb000000, 0x00000000cb000000, 0x00000000cb100000|  0%| F|  |TAMS 0x00000000cb000000, 0x00000000cb000000| Untracked 
| 119|0x00000000cb100000, 0x00000000cb100000, 0x00000000cb200000|  0%| F|  |TAMS 0x00000000cb100000, 0x00000000cb100000| Untracked 
| 120|0x00000000cb200000, 0x00000000cb200000, 0x00000000cb300000|  0%| F|  |TAMS 0x00000000cb200000, 0x00000000cb200000| Untracked 
| 121|0x00000000cb300000, 0x00000000cb300000, 0x00000000cb400000|  0%| F|  |TAMS 0x00000000cb300000, 0x00000000cb300000| Untracked 
| 122|0x00000000cb400000, 0x00000000cb400000, 0x00000000cb500000|  0%| F|  |TAMS 0x00000000cb400000, 0x00000000cb400000| Untracked 
| 123|0x00000000cb500000, 0x00000000cb500000, 0x00000000cb600000|  0%| F|  |TAMS 0x00000000cb500000, 0x00000000cb500000| Untracked 
| 124|0x00000000cb600000, 0x00000000cb600000, 0x00000000cb700000|  0%| F|  |TAMS 0x00000000cb600000, 0x00000000cb600000| Untracked 
| 125|0x00000000cb700000, 0x00000000cb700000, 0x00000000cb800000|  0%| F|  |TAMS 0x00000000cb700000, 0x00000000cb700000| Untracked 
| 126|0x00000000cb800000, 0x00000000cb800000, 0x00000000cb900000|  0%| F|  |TAMS 0x00000000cb800000, 0x00000000cb800000| Untracked 
| 127|0x00000000cb900000, 0x00000000cb900000, 0x00000000cba00000|  0%| F|  |TAMS 0x00000000cb900000, 0x00000000cb900000| Untracked 
| 128|0x00000000cba00000, 0x00000000cba00000, 0x00000000cbb00000|  0%| F|  |TAMS 0x00000000cba00000, 0x00000000cba00000| Untracked 
| 129|0x00000000cbb00000, 0x00000000cbb00000, 0x00000000cbc00000|  0%| F|  |TAMS 0x00000000cbb00000, 0x00000000cbb00000| Untracked 
| 130|0x00000000cbc00000, 0x00000000cbc00000, 0x00000000cbd00000|  0%| F|  |TAMS 0x00000000cbc00000, 0x00000000cbc00000| Untracked 
| 131|0x00000000cbd00000, 0x00000000cbd01830, 0x00000000cbe00000|  0%| S|CS|TAMS 0x00000000cbd00000, 0x00000000cbd00000| Complete 
| 132|0x00000000cbe00000, 0x00000000cbe00000, 0x00000000cbf00000|  0%| F|  |TAMS 0x00000000cbe00000, 0x00000000cbe00000| Untracked 
| 133|0x00000000cbf00000, 0x00000000cbf00000, 0x00000000cc000000|  0%| F|  |TAMS 0x00000000cbf00000, 0x00000000cbf00000| Untracked 
| 134|0x00000000cc000000, 0x00000000cc000000, 0x00000000cc100000|  0%| F|  |TAMS 0x00000000cc000000, 0x00000000cc000000| Untracked 
| 135|0x00000000cc100000, 0x00000000cc100000, 0x00000000cc200000|  0%| F|  |TAMS 0x00000000cc100000, 0x00000000cc100000| Untracked 
| 136|0x00000000cc200000, 0x00000000cc200000, 0x00000000cc300000|  0%| F|  |TAMS 0x00000000cc200000, 0x00000000cc200000| Untracked 
| 137|0x00000000cc300000, 0x00000000cc300000, 0x00000000cc400000|  0%| F|  |TAMS 0x00000000cc300000, 0x00000000cc300000| Untracked 
| 138|0x00000000cc400000, 0x00000000cc400000, 0x00000000cc500000|  0%| F|  |TAMS 0x00000000cc400000, 0x00000000cc400000| Untracked 
| 139|0x00000000cc500000, 0x00000000cc500000, 0x00000000cc600000|  0%| F|  |TAMS 0x00000000cc500000, 0x00000000cc500000| Untracked 
| 140|0x00000000cc600000, 0x00000000cc600000, 0x00000000cc700000|  0%| F|  |TAMS 0x00000000cc600000, 0x00000000cc600000| Untracked 
| 141|0x00000000cc700000, 0x00000000cc700000, 0x00000000cc800000|  0%| F|  |TAMS 0x00000000cc700000, 0x00000000cc700000| Untracked 
| 142|0x00000000cc800000, 0x00000000cc800000, 0x00000000cc900000|  0%| F|  |TAMS 0x00000000cc800000, 0x00000000cc800000| Untracked 
| 143|0x00000000cc900000, 0x00000000cc900000, 0x00000000cca00000|  0%| F|  |TAMS 0x00000000cc900000, 0x00000000cc900000| Untracked 
| 144|0x00000000cca00000, 0x00000000cca00000, 0x00000000ccb00000|  0%| F|  |TAMS 0x00000000cca00000, 0x00000000cca00000| Untracked 
| 145|0x00000000ccb00000, 0x00000000ccb00000, 0x00000000ccc00000|  0%| F|  |TAMS 0x00000000ccb00000, 0x00000000ccb00000| Untracked 
| 146|0x00000000ccc00000, 0x00000000ccc00000, 0x00000000ccd00000|  0%| F|  |TAMS 0x00000000ccc00000, 0x00000000ccc00000| Untracked 
| 147|0x00000000ccd00000, 0x00000000ccd00000, 0x00000000cce00000|  0%| F|  |TAMS 0x00000000ccd00000, 0x00000000ccd00000| Untracked 
| 148|0x00000000cce00000, 0x00000000cce00000, 0x00000000ccf00000|  0%| F|  |TAMS 0x00000000cce00000, 0x00000000cce00000| Untracked 
| 149|0x00000000ccf00000, 0x00000000ccf00000, 0x00000000cd000000|  0%| F|  |TAMS 0x00000000ccf00000, 0x00000000ccf00000| Untracked 
| 150|0x00000000cd000000, 0x00000000cd000000, 0x00000000cd100000|  0%| F|  |TAMS 0x00000000cd000000, 0x00000000cd000000| Untracked 
| 151|0x00000000cd100000, 0x00000000cd100000, 0x00000000cd200000|  0%| F|  |TAMS 0x00000000cd100000, 0x00000000cd100000| Untracked 
| 152|0x00000000cd200000, 0x00000000cd200000, 0x00000000cd300000|  0%| F|  |TAMS 0x00000000cd200000, 0x00000000cd200000| Untracked 
| 153|0x00000000cd300000, 0x00000000cd300000, 0x00000000cd400000|  0%| F|  |TAMS 0x00000000cd300000, 0x00000000cd300000| Untracked 
| 154|0x00000000cd400000, 0x00000000cd400000, 0x00000000cd500000|  0%| F|  |TAMS 0x00000000cd400000, 0x00000000cd400000| Untracked 
| 155|0x00000000cd500000, 0x00000000cd500000, 0x00000000cd600000|  0%| F|  |TAMS 0x00000000cd500000, 0x00000000cd500000| Untracked 
| 156|0x00000000cd600000, 0x00000000cd600000, 0x00000000cd700000|  0%| F|  |TAMS 0x00000000cd600000, 0x00000000cd600000| Untracked 
| 157|0x00000000cd700000, 0x00000000cd700000, 0x00000000cd800000|  0%| F|  |TAMS 0x00000000cd700000, 0x00000000cd700000| Untracked 
| 158|0x00000000cd800000, 0x00000000cd800000, 0x00000000cd900000|  0%| F|  |TAMS 0x00000000cd800000, 0x00000000cd800000| Untracked 
| 159|0x00000000cd900000, 0x00000000cd900000, 0x00000000cda00000|  0%| F|  |TAMS 0x00000000cd900000, 0x00000000cd900000| Untracked 
| 160|0x00000000cda00000, 0x00000000cda00000, 0x00000000cdb00000|  0%| F|  |TAMS 0x00000000cda00000, 0x00000000cda00000| Untracked 
| 161|0x00000000cdb00000, 0x00000000cdb00000, 0x00000000cdc00000|  0%| F|  |TAMS 0x00000000cdb00000, 0x00000000cdb00000| Untracked 
| 162|0x00000000cdc00000, 0x00000000cdc00000, 0x00000000cdd00000|  0%| F|  |TAMS 0x00000000cdc00000, 0x00000000cdc00000| Untracked 
| 163|0x00000000cdd00000, 0x00000000cdd00000, 0x00000000cde00000|  0%| F|  |TAMS 0x00000000cdd00000, 0x00000000cdd00000| Untracked 
| 164|0x00000000cde00000, 0x00000000cde00000, 0x00000000cdf00000|  0%| F|  |TAMS 0x00000000cde00000, 0x00000000cde00000| Untracked 
| 165|0x00000000cdf00000, 0x00000000cdf00000, 0x00000000ce000000|  0%| F|  |TAMS 0x00000000cdf00000, 0x00000000cdf00000| Untracked 
| 166|0x00000000ce000000, 0x00000000ce000000, 0x00000000ce100000|  0%| F|  |TAMS 0x00000000ce000000, 0x00000000ce000000| Untracked 
| 167|0x00000000ce100000, 0x00000000ce100000, 0x00000000ce200000|  0%| F|  |TAMS 0x00000000ce100000, 0x00000000ce100000| Untracked 
| 168|0x00000000ce200000, 0x00000000ce200000, 0x00000000ce300000|  0%| F|  |TAMS 0x00000000ce200000, 0x00000000ce200000| Untracked 
| 169|0x00000000ce300000, 0x00000000ce300000, 0x00000000ce400000|  0%| F|  |TAMS 0x00000000ce300000, 0x00000000ce300000| Untracked 
| 170|0x00000000ce400000, 0x00000000ce400000, 0x00000000ce500000|  0%| F|  |TAMS 0x00000000ce400000, 0x00000000ce400000| Untracked 
| 171|0x00000000ce500000, 0x00000000ce500000, 0x00000000ce600000|  0%| F|  |TAMS 0x00000000ce500000, 0x00000000ce500000| Untracked 
| 172|0x00000000ce600000, 0x00000000ce600000, 0x00000000ce700000|  0%| F|  |TAMS 0x00000000ce600000, 0x00000000ce600000| Untracked 
| 173|0x00000000ce700000, 0x00000000ce700000, 0x00000000ce800000|  0%| F|  |TAMS 0x00000000ce700000, 0x00000000ce700000| Untracked 
| 174|0x00000000ce800000, 0x00000000ce800000, 0x00000000ce900000|  0%| F|  |TAMS 0x00000000ce800000, 0x00000000ce800000| Untracked 
| 175|0x00000000ce900000, 0x00000000ce900000, 0x00000000cea00000|  0%| F|  |TAMS 0x00000000ce900000, 0x00000000ce900000| Untracked 
| 176|0x00000000cea00000, 0x00000000cea00000, 0x00000000ceb00000|  0%| F|  |TAMS 0x00000000cea00000, 0x00000000cea00000| Untracked 
| 177|0x00000000ceb00000, 0x00000000ceb00000, 0x00000000cec00000|  0%| F|  |TAMS 0x00000000ceb00000, 0x00000000ceb00000| Untracked 
| 178|0x00000000cec00000, 0x00000000cec00000, 0x00000000ced00000|  0%| F|  |TAMS 0x00000000cec00000, 0x00000000cec00000| Untracked 
| 179|0x00000000ced00000, 0x00000000ced00000, 0x00000000cee00000|  0%| F|  |TAMS 0x00000000ced00000, 0x00000000ced00000| Untracked 
| 180|0x00000000cee00000, 0x00000000cee00000, 0x00000000cef00000|  0%| F|  |TAMS 0x00000000cee00000, 0x00000000cee00000| Untracked 
| 181|0x00000000cef00000, 0x00000000cef00000, 0x00000000cf000000|  0%| F|  |TAMS 0x00000000cef00000, 0x00000000cef00000| Untracked 
| 182|0x00000000cf000000, 0x00000000cf000000, 0x00000000cf100000|  0%| F|  |TAMS 0x00000000cf000000, 0x00000000cf000000| Untracked 
| 183|0x00000000cf100000, 0x00000000cf100000, 0x00000000cf200000|  0%| F|  |TAMS 0x00000000cf100000, 0x00000000cf100000| Untracked 
| 184|0x00000000cf200000, 0x00000000cf200000, 0x00000000cf300000|  0%| F|  |TAMS 0x00000000cf200000, 0x00000000cf200000| Untracked 
| 185|0x00000000cf300000, 0x00000000cf300000, 0x00000000cf400000|  0%| F|  |TAMS 0x00000000cf300000, 0x00000000cf300000| Untracked 
| 186|0x00000000cf400000, 0x00000000cf400000, 0x00000000cf500000|  0%| F|  |TAMS 0x00000000cf400000, 0x00000000cf400000| Untracked 
| 187|0x00000000cf500000, 0x00000000cf500000, 0x00000000cf600000|  0%| F|  |TAMS 0x00000000cf500000, 0x00000000cf500000| Untracked 
| 188|0x00000000cf600000, 0x00000000cf600000, 0x00000000cf700000|  0%| F|  |TAMS 0x00000000cf600000, 0x00000000cf600000| Untracked 
| 189|0x00000000cf700000, 0x00000000cf700000, 0x00000000cf800000|  0%| F|  |TAMS 0x00000000cf700000, 0x00000000cf700000| Untracked 
| 190|0x00000000cf800000, 0x00000000cf800000, 0x00000000cf900000|  0%| F|  |TAMS 0x00000000cf800000, 0x00000000cf800000| Untracked 
| 191|0x00000000cf900000, 0x00000000cf900000, 0x00000000cfa00000|  0%| F|  |TAMS 0x00000000cf900000, 0x00000000cf900000| Untracked 
| 192|0x00000000cfa00000, 0x00000000cfa00000, 0x00000000cfb00000|  0%| F|  |TAMS 0x00000000cfa00000, 0x00000000cfa00000| Untracked 
| 193|0x00000000cfb00000, 0x00000000cfb00000, 0x00000000cfc00000|  0%| F|  |TAMS 0x00000000cfb00000, 0x00000000cfb00000| Untracked 
| 194|0x00000000cfc00000, 0x00000000cfc00000, 0x00000000cfd00000|  0%| F|  |TAMS 0x00000000cfc00000, 0x00000000cfc00000| Untracked 
| 195|0x00000000cfd00000, 0x00000000cfd00000, 0x00000000cfe00000|  0%| F|  |TAMS 0x00000000cfd00000, 0x00000000cfd00000| Untracked 
| 196|0x00000000cfe00000, 0x00000000cfe00000, 0x00000000cff00000|  0%| F|  |TAMS 0x00000000cfe00000, 0x00000000cfe00000| Untracked 
| 197|0x00000000cff00000, 0x00000000cff00000, 0x00000000d0000000|  0%| F|  |TAMS 0x00000000cff00000, 0x00000000cff00000| Untracked 
| 198|0x00000000d0000000, 0x00000000d0000000, 0x00000000d0100000|  0%| F|  |TAMS 0x00000000d0000000, 0x00000000d0000000| Untracked 
| 199|0x00000000d0100000, 0x00000000d0100000, 0x00000000d0200000|  0%| F|  |TAMS 0x00000000d0100000, 0x00000000d0100000| Untracked 
| 200|0x00000000d0200000, 0x00000000d0200000, 0x00000000d0300000|  0%| F|  |TAMS 0x00000000d0200000, 0x00000000d0200000| Untracked 
| 201|0x00000000d0300000, 0x00000000d0300000, 0x00000000d0400000|  0%| F|  |TAMS 0x00000000d0300000, 0x00000000d0300000| Untracked 
| 202|0x00000000d0400000, 0x00000000d0400000, 0x00000000d0500000|  0%| F|  |TAMS 0x00000000d0400000, 0x00000000d0400000| Untracked 
| 203|0x00000000d0500000, 0x00000000d0500000, 0x00000000d0600000|  0%| F|  |TAMS 0x00000000d0500000, 0x00000000d0500000| Untracked 
| 204|0x00000000d0600000, 0x00000000d0600000, 0x00000000d0700000|  0%| F|  |TAMS 0x00000000d0600000, 0x00000000d0600000| Untracked 
| 205|0x00000000d0700000, 0x00000000d0700000, 0x00000000d0800000|  0%| F|  |TAMS 0x00000000d0700000, 0x00000000d0700000| Untracked 
| 206|0x00000000d0800000, 0x00000000d0800000, 0x00000000d0900000|  0%| F|  |TAMS 0x00000000d0800000, 0x00000000d0800000| Untracked 
| 207|0x00000000d0900000, 0x00000000d0900000, 0x00000000d0a00000|  0%| F|  |TAMS 0x00000000d0900000, 0x00000000d0900000| Untracked 
| 208|0x00000000d0a00000, 0x00000000d0a00000, 0x00000000d0b00000|  0%| F|  |TAMS 0x00000000d0a00000, 0x00000000d0a00000| Untracked 
| 209|0x00000000d0b00000, 0x00000000d0b00000, 0x00000000d0c00000|  0%| F|  |TAMS 0x00000000d0b00000, 0x00000000d0b00000| Untracked 
| 210|0x00000000d0c00000, 0x00000000d0c00000, 0x00000000d0d00000|  0%| F|  |TAMS 0x00000000d0c00000, 0x00000000d0c00000| Untracked 
| 211|0x00000000d0d00000, 0x00000000d0d00000, 0x00000000d0e00000|  0%| F|  |TAMS 0x00000000d0d00000, 0x00000000d0d00000| Untracked 
| 212|0x00000000d0e00000, 0x00000000d0e00000, 0x00000000d0f00000|  0%| F|  |TAMS 0x00000000d0e00000, 0x00000000d0e00000| Untracked 
| 213|0x00000000d0f00000, 0x00000000d0f00000, 0x00000000d1000000|  0%| F|  |TAMS 0x00000000d0f00000, 0x00000000d0f00000| Untracked 
| 214|0x00000000d1000000, 0x00000000d1000000, 0x00000000d1100000|  0%| F|  |TAMS 0x00000000d1000000, 0x00000000d1000000| Untracked 
| 215|0x00000000d1100000, 0x00000000d1100000, 0x00000000d1200000|  0%| F|  |TAMS 0x00000000d1100000, 0x00000000d1100000| Untracked 
| 216|0x00000000d1200000, 0x00000000d1200000, 0x00000000d1300000|  0%| F|  |TAMS 0x00000000d1200000, 0x00000000d1200000| Untracked 
| 217|0x00000000d1300000, 0x00000000d1300000, 0x00000000d1400000|  0%| F|  |TAMS 0x00000000d1300000, 0x00000000d1300000| Untracked 
| 218|0x00000000d1400000, 0x00000000d1400000, 0x00000000d1500000|  0%| F|  |TAMS 0x00000000d1400000, 0x00000000d1400000| Untracked 
| 219|0x00000000d1500000, 0x00000000d1500000, 0x00000000d1600000|  0%| F|  |TAMS 0x00000000d1500000, 0x00000000d1500000| Untracked 
| 220|0x00000000d1600000, 0x00000000d1600000, 0x00000000d1700000|  0%| F|  |TAMS 0x00000000d1600000, 0x00000000d1600000| Untracked 
| 221|0x00000000d1700000, 0x00000000d1700000, 0x00000000d1800000|  0%| F|  |TAMS 0x00000000d1700000, 0x00000000d1700000| Untracked 
| 222|0x00000000d1800000, 0x00000000d1800000, 0x00000000d1900000|  0%| F|  |TAMS 0x00000000d1800000, 0x00000000d1800000| Untracked 
| 223|0x00000000d1900000, 0x00000000d1900000, 0x00000000d1a00000|  0%| F|  |TAMS 0x00000000d1900000, 0x00000000d1900000| Untracked 
| 224|0x00000000d1a00000, 0x00000000d1a00000, 0x00000000d1b00000|  0%| F|  |TAMS 0x00000000d1a00000, 0x00000000d1a00000| Untracked 
| 225|0x00000000d1b00000, 0x00000000d1b00000, 0x00000000d1c00000|  0%| F|  |TAMS 0x00000000d1b00000, 0x00000000d1b00000| Untracked 
| 226|0x00000000d1c00000, 0x00000000d1c00000, 0x00000000d1d00000|  0%| F|  |TAMS 0x00000000d1c00000, 0x00000000d1c00000| Untracked 
| 227|0x00000000d1d00000, 0x00000000d1d00000, 0x00000000d1e00000|  0%| F|  |TAMS 0x00000000d1d00000, 0x00000000d1d00000| Untracked 
| 228|0x00000000d1e00000, 0x00000000d1e00000, 0x00000000d1f00000|  0%| F|  |TAMS 0x00000000d1e00000, 0x00000000d1e00000| Untracked 
| 229|0x00000000d1f00000, 0x00000000d1f00000, 0x00000000d2000000|  0%| F|  |TAMS 0x00000000d1f00000, 0x00000000d1f00000| Untracked 
| 230|0x00000000d2000000, 0x00000000d2000000, 0x00000000d2100000|  0%| F|  |TAMS 0x00000000d2000000, 0x00000000d2000000| Untracked 
| 231|0x00000000d2100000, 0x00000000d2100000, 0x00000000d2200000|  0%| F|  |TAMS 0x00000000d2100000, 0x00000000d2100000| Untracked 
| 232|0x00000000d2200000, 0x00000000d2200000, 0x00000000d2300000|  0%| F|  |TAMS 0x00000000d2200000, 0x00000000d2200000| Untracked 
| 233|0x00000000d2300000, 0x00000000d2300000, 0x00000000d2400000|  0%| F|  |TAMS 0x00000000d2300000, 0x00000000d2300000| Untracked 
| 234|0x00000000d2400000, 0x00000000d2400000, 0x00000000d2500000|  0%| F|  |TAMS 0x00000000d2400000, 0x00000000d2400000| Untracked 
| 235|0x00000000d2500000, 0x00000000d2500000, 0x00000000d2600000|  0%| F|  |TAMS 0x00000000d2500000, 0x00000000d2500000| Untracked 
| 236|0x00000000d2600000, 0x00000000d2600000, 0x00000000d2700000|  0%| F|  |TAMS 0x00000000d2600000, 0x00000000d2600000| Untracked 
| 237|0x00000000d2700000, 0x00000000d2700000, 0x00000000d2800000|  0%| F|  |TAMS 0x00000000d2700000, 0x00000000d2700000| Untracked 
| 238|0x00000000d2800000, 0x00000000d2800000, 0x00000000d2900000|  0%| F|  |TAMS 0x00000000d2800000, 0x00000000d2800000| Untracked 
| 239|0x00000000d2900000, 0x00000000d2900000, 0x00000000d2a00000|  0%| F|  |TAMS 0x00000000d2900000, 0x00000000d2900000| Untracked 
| 240|0x00000000d2a00000, 0x00000000d2a00000, 0x00000000d2b00000|  0%| F|  |TAMS 0x00000000d2a00000, 0x00000000d2a00000| Untracked 
| 241|0x00000000d2b00000, 0x00000000d2b00000, 0x00000000d2c00000|  0%| F|  |TAMS 0x00000000d2b00000, 0x00000000d2b00000| Untracked 
| 242|0x00000000d2c00000, 0x00000000d2c00000, 0x00000000d2d00000|  0%| F|  |TAMS 0x00000000d2c00000, 0x00000000d2c00000| Untracked 
| 243|0x00000000d2d00000, 0x00000000d2d00000, 0x00000000d2e00000|  0%| F|  |TAMS 0x00000000d2d00000, 0x00000000d2d00000| Untracked 
| 244|0x00000000d2e00000, 0x00000000d2e00000, 0x00000000d2f00000|  0%| F|  |TAMS 0x00000000d2e00000, 0x00000000d2e00000| Untracked 
| 245|0x00000000d2f00000, 0x00000000d2f00000, 0x00000000d3000000|  0%| F|  |TAMS 0x00000000d2f00000, 0x00000000d2f00000| Untracked 
| 246|0x00000000d3000000, 0x00000000d3000000, 0x00000000d3100000|  0%| F|  |TAMS 0x00000000d3000000, 0x00000000d3000000| Untracked 
| 247|0x00000000d3100000, 0x00000000d3100000, 0x00000000d3200000|  0%| F|  |TAMS 0x00000000d3100000, 0x00000000d3100000| Untracked 
| 248|0x00000000d3200000, 0x00000000d3200000, 0x00000000d3300000|  0%| F|  |TAMS 0x00000000d3200000, 0x00000000d3200000| Untracked 
| 249|0x00000000d3300000, 0x00000000d3300000, 0x00000000d3400000|  0%| F|  |TAMS 0x00000000d3300000, 0x00000000d3300000| Untracked 
| 250|0x00000000d3400000, 0x00000000d3400000, 0x00000000d3500000|  0%| F|  |TAMS 0x00000000d3400000, 0x00000000d3400000| Untracked 
| 251|0x00000000d3500000, 0x00000000d3500000, 0x00000000d3600000|  0%| F|  |TAMS 0x00000000d3500000, 0x00000000d3500000| Untracked 
| 252|0x00000000d3600000, 0x00000000d3600000, 0x00000000d3700000|  0%| F|  |TAMS 0x00000000d3600000, 0x00000000d3600000| Untracked 
| 253|0x00000000d3700000, 0x00000000d3700000, 0x00000000d3800000|  0%| F|  |TAMS 0x00000000d3700000, 0x00000000d3700000| Untracked 
| 254|0x00000000d3800000, 0x00000000d3800000, 0x00000000d3900000|  0%| F|  |TAMS 0x00000000d3800000, 0x00000000d3800000| Untracked 
| 255|0x00000000d3900000, 0x00000000d3900000, 0x00000000d3a00000|  0%| F|  |TAMS 0x00000000d3900000, 0x00000000d3900000| Untracked 
| 256|0x00000000d3a00000, 0x00000000d3a00000, 0x00000000d3b00000|  0%| F|  |TAMS 0x00000000d3a00000, 0x00000000d3a00000| Untracked 
| 257|0x00000000d3b00000, 0x00000000d3b00000, 0x00000000d3c00000|  0%| F|  |TAMS 0x00000000d3b00000, 0x00000000d3b00000| Untracked 
| 258|0x00000000d3c00000, 0x00000000d3c00000, 0x00000000d3d00000|  0%| F|  |TAMS 0x00000000d3c00000, 0x00000000d3c00000| Untracked 
| 259|0x00000000d3d00000, 0x00000000d3d00000, 0x00000000d3e00000|  0%| F|  |TAMS 0x00000000d3d00000, 0x00000000d3d00000| Untracked 
| 260|0x00000000d3e00000, 0x00000000d3e00000, 0x00000000d3f00000|  0%| F|  |TAMS 0x00000000d3e00000, 0x00000000d3e00000| Untracked 
| 261|0x00000000d3f00000, 0x00000000d3f00000, 0x00000000d4000000|  0%| F|  |TAMS 0x00000000d3f00000, 0x00000000d3f00000| Untracked 
| 262|0x00000000d4000000, 0x00000000d4000000, 0x00000000d4100000|  0%| F|  |TAMS 0x00000000d4000000, 0x00000000d4000000| Untracked 
| 263|0x00000000d4100000, 0x00000000d4100000, 0x00000000d4200000|  0%| F|  |TAMS 0x00000000d4100000, 0x00000000d4100000| Untracked 
| 264|0x00000000d4200000, 0x00000000d4200000, 0x00000000d4300000|  0%| F|  |TAMS 0x00000000d4200000, 0x00000000d4200000| Untracked 
| 265|0x00000000d4300000, 0x00000000d4300000, 0x00000000d4400000|  0%| F|  |TAMS 0x00000000d4300000, 0x00000000d4300000| Untracked 
| 266|0x00000000d4400000, 0x00000000d4400000, 0x00000000d4500000|  0%| F|  |TAMS 0x00000000d4400000, 0x00000000d4400000| Untracked 
| 267|0x00000000d4500000, 0x00000000d4500000, 0x00000000d4600000|  0%| F|  |TAMS 0x00000000d4500000, 0x00000000d4500000| Untracked 
| 268|0x00000000d4600000, 0x00000000d4600000, 0x00000000d4700000|  0%| F|  |TAMS 0x00000000d4600000, 0x00000000d4600000| Untracked 
| 269|0x00000000d4700000, 0x00000000d4700000, 0x00000000d4800000|  0%| F|  |TAMS 0x00000000d4700000, 0x00000000d4700000| Untracked 
| 270|0x00000000d4800000, 0x00000000d4800000, 0x00000000d4900000|  0%| F|  |TAMS 0x00000000d4800000, 0x00000000d4800000| Untracked 
| 271|0x00000000d4900000, 0x00000000d4900000, 0x00000000d4a00000|  0%| F|  |TAMS 0x00000000d4900000, 0x00000000d4900000| Untracked 
| 272|0x00000000d4a00000, 0x00000000d4a00000, 0x00000000d4b00000|  0%| F|  |TAMS 0x00000000d4a00000, 0x00000000d4a00000| Untracked 
| 273|0x00000000d4b00000, 0x00000000d4b00000, 0x00000000d4c00000|  0%| F|  |TAMS 0x00000000d4b00000, 0x00000000d4b00000| Untracked 
| 274|0x00000000d4c00000, 0x00000000d4c00000, 0x00000000d4d00000|  0%| F|  |TAMS 0x00000000d4c00000, 0x00000000d4c00000| Untracked 
| 275|0x00000000d4d00000, 0x00000000d4d00000, 0x00000000d4e00000|  0%| F|  |TAMS 0x00000000d4d00000, 0x00000000d4d00000| Untracked 
| 276|0x00000000d4e00000, 0x00000000d4e00000, 0x00000000d4f00000|  0%| F|  |TAMS 0x00000000d4e00000, 0x00000000d4e00000| Untracked 
| 277|0x00000000d4f00000, 0x00000000d4f00000, 0x00000000d5000000|  0%| F|  |TAMS 0x00000000d4f00000, 0x00000000d4f00000| Untracked 
| 278|0x00000000d5000000, 0x00000000d5000000, 0x00000000d5100000|  0%| F|  |TAMS 0x00000000d5000000, 0x00000000d5000000| Untracked 
| 279|0x00000000d5100000, 0x00000000d5100000, 0x00000000d5200000|  0%| F|  |TAMS 0x00000000d5100000, 0x00000000d5100000| Untracked 
| 280|0x00000000d5200000, 0x00000000d5200000, 0x00000000d5300000|  0%| F|  |TAMS 0x00000000d5200000, 0x00000000d5200000| Untracked 
| 281|0x00000000d5300000, 0x00000000d5300000, 0x00000000d5400000|  0%| F|  |TAMS 0x00000000d5300000, 0x00000000d5300000| Untracked 
| 282|0x00000000d5400000, 0x00000000d5400000, 0x00000000d5500000|  0%| F|  |TAMS 0x00000000d5400000, 0x00000000d5400000| Untracked 
| 283|0x00000000d5500000, 0x00000000d5500000, 0x00000000d5600000|  0%| F|  |TAMS 0x00000000d5500000, 0x00000000d5500000| Untracked 
| 284|0x00000000d5600000, 0x00000000d5600000, 0x00000000d5700000|  0%| F|  |TAMS 0x00000000d5600000, 0x00000000d5600000| Untracked 
| 285|0x00000000d5700000, 0x00000000d5700000, 0x00000000d5800000|  0%| F|  |TAMS 0x00000000d5700000, 0x00000000d5700000| Untracked 
| 286|0x00000000d5800000, 0x00000000d5800000, 0x00000000d5900000|  0%| F|  |TAMS 0x00000000d5800000, 0x00000000d5800000| Untracked 
| 287|0x00000000d5900000, 0x00000000d5900000, 0x00000000d5a00000|  0%| F|  |TAMS 0x00000000d5900000, 0x00000000d5900000| Untracked 
| 288|0x00000000d5a00000, 0x00000000d5a00000, 0x00000000d5b00000|  0%| F|  |TAMS 0x00000000d5a00000, 0x00000000d5a00000| Untracked 
| 289|0x00000000d5b00000, 0x00000000d5b00000, 0x00000000d5c00000|  0%| F|  |TAMS 0x00000000d5b00000, 0x00000000d5b00000| Untracked 
| 290|0x00000000d5c00000, 0x00000000d5c00000, 0x00000000d5d00000|  0%| F|  |TAMS 0x00000000d5c00000, 0x00000000d5c00000| Untracked 
| 291|0x00000000d5d00000, 0x00000000d5d00000, 0x00000000d5e00000|  0%| F|  |TAMS 0x00000000d5d00000, 0x00000000d5d00000| Untracked 
| 292|0x00000000d5e00000, 0x00000000d5e00000, 0x00000000d5f00000|  0%| F|  |TAMS 0x00000000d5e00000, 0x00000000d5e00000| Untracked 
| 293|0x00000000d5f00000, 0x00000000d5f00000, 0x00000000d6000000|  0%| F|  |TAMS 0x00000000d5f00000, 0x00000000d5f00000| Untracked 
| 294|0x00000000d6000000, 0x00000000d6000000, 0x00000000d6100000|  0%| F|  |TAMS 0x00000000d6000000, 0x00000000d6000000| Untracked 
| 295|0x00000000d6100000, 0x00000000d6100000, 0x00000000d6200000|  0%| F|  |TAMS 0x00000000d6100000, 0x00000000d6100000| Untracked 
| 296|0x00000000d6200000, 0x00000000d6200000, 0x00000000d6300000|  0%| F|  |TAMS 0x00000000d6200000, 0x00000000d6200000| Untracked 
| 297|0x00000000d6300000, 0x00000000d6300000, 0x00000000d6400000|  0%| F|  |TAMS 0x00000000d6300000, 0x00000000d6300000| Untracked 
| 298|0x00000000d6400000, 0x00000000d6400000, 0x00000000d6500000|  0%| F|  |TAMS 0x00000000d6400000, 0x00000000d6400000| Untracked 
| 299|0x00000000d6500000, 0x00000000d6500000, 0x00000000d6600000|  0%| F|  |TAMS 0x00000000d6500000, 0x00000000d6500000| Untracked 
| 300|0x00000000d6600000, 0x00000000d6600000, 0x00000000d6700000|  0%| F|  |TAMS 0x00000000d6600000, 0x00000000d6600000| Untracked 
| 301|0x00000000d6700000, 0x00000000d6700000, 0x00000000d6800000|  0%| F|  |TAMS 0x00000000d6700000, 0x00000000d6700000| Untracked 
| 302|0x00000000d6800000, 0x00000000d6800000, 0x00000000d6900000|  0%| F|  |TAMS 0x00000000d6800000, 0x00000000d6800000| Untracked 
| 303|0x00000000d6900000, 0x00000000d6900000, 0x00000000d6a00000|  0%| F|  |TAMS 0x00000000d6900000, 0x00000000d6900000| Untracked 
| 304|0x00000000d6a00000, 0x00000000d6a00000, 0x00000000d6b00000|  0%| F|  |TAMS 0x00000000d6a00000, 0x00000000d6a00000| Untracked 
| 305|0x00000000d6b00000, 0x00000000d6b00000, 0x00000000d6c00000|  0%| F|  |TAMS 0x00000000d6b00000, 0x00000000d6b00000| Untracked 
| 306|0x00000000d6c00000, 0x00000000d6c00000, 0x00000000d6d00000|  0%| F|  |TAMS 0x00000000d6c00000, 0x00000000d6c00000| Untracked 
| 307|0x00000000d6d00000, 0x00000000d6d00000, 0x00000000d6e00000|  0%| F|  |TAMS 0x00000000d6d00000, 0x00000000d6d00000| Untracked 
| 308|0x00000000d6e00000, 0x00000000d6e00000, 0x00000000d6f00000|  0%| F|  |TAMS 0x00000000d6e00000, 0x00000000d6e00000| Untracked 
| 309|0x00000000d6f00000, 0x00000000d6f00000, 0x00000000d7000000|  0%| F|  |TAMS 0x00000000d6f00000, 0x00000000d6f00000| Untracked 
| 310|0x00000000d7000000, 0x00000000d7000000, 0x00000000d7100000|  0%| F|  |TAMS 0x00000000d7000000, 0x00000000d7000000| Untracked 
| 311|0x00000000d7100000, 0x00000000d7100000, 0x00000000d7200000|  0%| F|  |TAMS 0x00000000d7100000, 0x00000000d7100000| Untracked 
| 312|0x00000000d7200000, 0x00000000d7200000, 0x00000000d7300000|  0%| F|  |TAMS 0x00000000d7200000, 0x00000000d7200000| Untracked 
| 313|0x00000000d7300000, 0x00000000d7300000, 0x00000000d7400000|  0%| F|  |TAMS 0x00000000d7300000, 0x00000000d7300000| Untracked 
| 314|0x00000000d7400000, 0x00000000d7400000, 0x00000000d7500000|  0%| F|  |TAMS 0x00000000d7400000, 0x00000000d7400000| Untracked 
| 315|0x00000000d7500000, 0x00000000d7500000, 0x00000000d7600000|  0%| F|  |TAMS 0x00000000d7500000, 0x00000000d7500000| Untracked 
| 316|0x00000000d7600000, 0x00000000d7600000, 0x00000000d7700000|  0%| F|  |TAMS 0x00000000d7600000, 0x00000000d7600000| Untracked 
| 317|0x00000000d7700000, 0x00000000d7700000, 0x00000000d7800000|  0%| F|  |TAMS 0x00000000d7700000, 0x00000000d7700000| Untracked 
| 318|0x00000000d7800000, 0x00000000d7800000, 0x00000000d7900000|  0%| F|  |TAMS 0x00000000d7800000, 0x00000000d7800000| Untracked 
| 319|0x00000000d7900000, 0x00000000d7900000, 0x00000000d7a00000|  0%| F|  |TAMS 0x00000000d7900000, 0x00000000d7900000| Untracked 
| 320|0x00000000d7a00000, 0x00000000d7a00000, 0x00000000d7b00000|  0%| F|  |TAMS 0x00000000d7a00000, 0x00000000d7a00000| Untracked 
| 321|0x00000000d7b00000, 0x00000000d7b00000, 0x00000000d7c00000|  0%| F|  |TAMS 0x00000000d7b00000, 0x00000000d7b00000| Untracked 
| 322|0x00000000d7c00000, 0x00000000d7c00000, 0x00000000d7d00000|  0%| F|  |TAMS 0x00000000d7c00000, 0x00000000d7c00000| Untracked 
| 323|0x00000000d7d00000, 0x00000000d7d00000, 0x00000000d7e00000|  0%| F|  |TAMS 0x00000000d7d00000, 0x00000000d7d00000| Untracked 
| 324|0x00000000d7e00000, 0x00000000d7e00000, 0x00000000d7f00000|  0%| F|  |TAMS 0x00000000d7e00000, 0x00000000d7e00000| Untracked 
| 325|0x00000000d7f00000, 0x00000000d7f00000, 0x00000000d8000000|  0%| F|  |TAMS 0x00000000d7f00000, 0x00000000d7f00000| Untracked 
| 326|0x00000000d8000000, 0x00000000d8000000, 0x00000000d8100000|  0%| F|  |TAMS 0x00000000d8000000, 0x00000000d8000000| Untracked 
| 327|0x00000000d8100000, 0x00000000d8100000, 0x00000000d8200000|  0%| F|  |TAMS 0x00000000d8100000, 0x00000000d8100000| Untracked 
| 328|0x00000000d8200000, 0x00000000d8200000, 0x00000000d8300000|  0%| F|  |TAMS 0x00000000d8200000, 0x00000000d8200000| Untracked 
| 964|0x00000000ffe00000, 0x00000000ffe35000, 0x00000000fff00000| 20%|OA|  |TAMS 0x00000000ffe00000, 0x00000000ffe00000| Untracked 
| 965|0x00000000fff00000, 0x00000000fff6a000, 0x0000000100000000| 41%|CA|  |TAMS 0x00000000fff00000, 0x00000000fff00000| Untracked 

Card table byte_map: [0x00007fad8d731000,0x00007fad8d914000] _byte_map_base: 0x00007fad8d114000

Marking Bits (Prev, Next): (CMBitMap*) 0x00007fad8803cee8, (CMBitMap*) 0x00007fad8803cf20
 Prev Bits: [0x00007fad8c636000, 0x00007fad8d54e000)
 Next Bits: [0x00007fad6b0e8000, 0x00007fad6c000000)

Polling page: 0x00007fad917db000

Metaspace:

Usage:
  Non-class:      4.03 MB capacity,   493.43 KB ( 12%) used,     3.55 MB ( 88%) free+waste,     1.62 KB ( <1%) overhead. 
      Class:    401.00 KB capacity,    35.44 KB (  9%) used,   364.56 KB ( 91%) free+waste,     1.00 KB ( <1%) overhead. 
       Both:      4.42 MB capacity,   528.87 KB ( 12%) used,     3.91 MB ( 88%) free+waste,     2.62 KB ( <1%) overhead. 

Virtual space:
  Non-class space:        8.00 MB reserved,       4.25 MB ( 53%) committed 
      Class space:        1.00 GB reserved,     512.00 KB ( <1%) committed 
             Both:        1.01 GB reserved,       4.75 MB ( <1%) committed 

Chunk freelists:
   Non-Class:  2.00 KB
       Class:  0 bytes
        Both:  2.00 KB

CodeHeap 'non-profiled nmethods': size=120032Kb used=101Kb max_used=101Kb free=119930Kb
 bounds [0x00007fad78446000, 0x00007fad786b6000, 0x00007fad7f97e000]
CodeHeap 'profiled nmethods': size=120032Kb used=304Kb max_used=304Kb free=119728Kb
 bounds [0x00007fad70f0e000, 0x00007fad7117e000, 0x00007fad78446000]
CodeHeap 'non-nmethods': size=5696Kb used=1036Kb max_used=1050Kb free=4660Kb
 bounds [0x00007fad7097e000, 0x00007fad70bee000, 0x00007fad70f0e000]
 total_blobs=615 nmethods=203 adapters=228
 compilation: enabled
              stopped_count=0, restarted_count=0
 full_count=0

Compilation events (10 events):
Event: 3.290 Thread 0x00007fad3c0ce000 nmethod 192 0x00007fad7845ac10 code [0x00007fad7845ada0, 0x00007fad7845af98]
Event: 3.290 Thread 0x00007fad3c0ce000  200       4       java.util.regex.Pattern$LastNode::match (45 bytes)
Event: 3.292 Thread 0x00007fad3c0ce000 nmethod 200 0x00007fad7845b090 code [0x00007fad7845b220, 0x00007fad7845b2f8]
Event: 3.316 Thread 0x00007fad880c2800  201 %     3       com.st.model.Main::main @ 19 (303 bytes)
Event: 3.326 Thread 0x00007fad880c2800 nmethod 201% 0x00007fad70f4cc90 code [0x00007fad70f4d500, 0x00007fad70f51c28]
Event: 3.327 Thread 0x00007fad880c2800  202       3       com.st.model.Main::main (303 bytes)
Event: 3.336 Thread 0x00007fad880c2800 nmethod 202 0x00007fad70f53690 code [0x00007fad70f53f00, 0x00007fad70f585c8]
Event: 3.358 Thread 0x00007fad880c0800 nmethod 194 0x00007fad7845b410 code [0x00007fad7845b6c0, 0x00007fad7845d2e8]
Event: 3.389 Thread 0x00007fad3c0ce000  203 %     4       com.st.model.Main::main @ 19 (303 bytes)
Event: 3.426 Thread 0x00007fad3c0ce000 nmethod 203% 0x00007fad7845e010 code [0x00007fad7845e220, 0x00007fad7845efd8]

GC Heap History (10 events):
Event: 2047.457 GC heap after
{Heap after GC invocations=6580 (full 0):
 garbage-first heap   total 338944K, used 1195K [0x00000000c3a00000, 0x0000000100000000)
  region size 1024K, 1 young (1024K), 1 survivors (1024K)
 Metaspace       used 528K, capacity 4531K, committed 4864K, reserved 1056768K
  class space    used 35K, capacity 401K, committed 512K, reserved 1048576K
}
Event: 2047.757 GC heap before
{Heap before GC invocations=6580 (full 0):
 garbage-first heap   total 338944K, used 202923K [0x00000000c3a00000, 0x0000000100000000)
  region size 1024K, 198 young (202752K), 1 survivors (1024K)
 Metaspace       used 528K, capacity 4531K, committed 4864K, reserved 1056768K
  class space    used 35K, capacity 401K, committed 512K, reserved 1048576K
}
Event: 2047.758 GC heap after
{Heap after GC invocations=6581 (full 0):
 garbage-first heap   total 338944K, used 1195K [0x00000000c3a00000, 0x0000000100000000)
  region size 1024K, 1 young (1024K), 1 survivors (1024K)
 Metaspace       used 528K, capacity 4531K, committed 4864K, reserved 1056768K
  class space    used 35K, capacity 401K, committed 512K, reserved 1048576K
}
Event: 2048.085 GC heap before
{Heap before GC invocations=6581 (full 0):
 garbage-first heap   total 338944K, used 202923K [0x00000000c3a00000, 0x0000000100000000)
  region size 1024K, 198 young (202752K), 1 survivors (1024K)
 Metaspace       used 528K, capacity 4531K, committed 4864K, reserved 1056768K
  class space    used 35K, capacity 401K, committed 512K, reserved 1048576K
}
Event: 2048.086 GC heap after
{Heap after GC invocations=6582 (full 0):
 garbage-first heap   total 338944K, used 1195K [0x00000000c3a00000, 0x0000000100000000)
  region size 1024K, 1 young (1024K), 1 survivors (1024K)
 Metaspace       used 528K, capacity 4531K, committed 4864K, reserved 1056768K
  class space    used 35K, capacity 401K, committed 512K, reserved 1048576K
}
Event: 2048.386 GC heap before
{Heap before GC invocations=6582 (full 0):
 garbage-first heap   total 338944K, used 202923K [0x00000000c3a00000, 0x0000000100000000)
  region size 1024K, 198 young (202752K), 1 survivors (1024K)
 Metaspace       used 528K, capacity 4531K, committed 4864K, reserved 1056768K
  class space    used 35K, capacity 401K, committed 512K, reserved 1048576K
}
Event: 2048.387 GC heap after
{Heap after GC invocations=6583 (full 0):
 garbage-first heap   total 338944K, used 1195K [0x00000000c3a00000, 0x0000000100000000)
  region size 1024K, 1 young (1024K), 1 survivors (1024K)
 Metaspace       used 528K, capacity 4531K, committed 4864K, reserved 1056768K
  class space    used 35K, capacity 401K, committed 512K, reserved 1048576K
}
Event: 2048.685 GC heap before
{Heap before GC invocations=6583 (full 0):
 garbage-first heap   total 338944K, used 202923K [0x00000000c3a00000, 0x0000000100000000)
  region size 1024K, 198 young (202752K), 1 survivors (1024K)
 Metaspace       used 528K, capacity 4531K, committed 4864K, reserved 1056768K
  class space    used 35K, capacity 401K, committed 512K, reserved 1048576K
}
Event: 2048.686 GC heap after
{Heap after GC invocations=6584 (full 0):
 garbage-first heap   total 338944K, used 1195K [0x00000000c3a00000, 0x0000000100000000)
  region size 1024K, 1 young (1024K), 1 survivors (1024K)
 Metaspace       used 528K, capacity 4531K, committed 4864K, reserved 1056768K
  class space    used 35K, capacity 401K, committed 512K, reserved 1048576K
}
Event: 2048.990 GC heap before
{Heap before GC invocations=6584 (full 0):
 garbage-first heap   total 338944K, used 202923K [0x00000000c3a00000, 0x0000000100000000)
  region size 1024K, 198 young (202752K), 1 survivors (1024K)
 Metaspace       used 528K, capacity 4531K, committed 4864K, reserved 1056768K
  class space    used 35K, capacity 401K, committed 512K, reserved 1048576K
}

Deoptimization events (2 events):
Event: 0.111 Thread 0x00007fad88010800 Uncommon trap: reason=unstable_if action=reinterpret pc=0x00007fad7844a408 method=java.lang.String.hashCode()I @ 14 c2
Event: 0.175 Thread 0x00007fad88010800 Uncommon trap: reason=unstable_if action=reinterpret pc=0x00007fad7844bf1c method=java.lang.String.isLatin1()Z @ 10 c2

Classes redefined (0 events):
No events

Internal exceptions (1 events):
Event: 0.151 Thread 0x00007fad88010800 Exception <a 'java/lang/NoSuchMethodError'{0x00000000c7603920}: java.lang.invoke.DirectMethodHandle$Holder.invokeSpecialIFC(Ljava/lang/Object;Ljava/lang/Object;I)I> (0x00000000c7603920) thrown at [/build/openjdk-lts-TkRlmw/openjdk-lts-11.0.3+7/src/hotspot

Events (10 events):
Event: 2047.457 Executing VM operation: G1CollectForAllocation done
Event: 2047.757 Executing VM operation: G1CollectForAllocation
Event: 2047.758 Executing VM operation: G1CollectForAllocation done
Event: 2048.085 Executing VM operation: G1CollectForAllocation
Event: 2048.086 Executing VM operation: G1CollectForAllocation done
Event: 2048.386 Executing VM operation: G1CollectForAllocation
Event: 2048.387 Executing VM operation: G1CollectForAllocation done
Event: 2048.685 Executing VM operation: G1CollectForAllocation
Event: 2048.686 Executing VM operation: G1CollectForAllocation done
Event: 2048.990 Executing VM operation: G1CollectForAllocation


Dynamic libraries:
c3a00000-d8300000 rw-p 00000000 00:00 0 
e8100000-ffe00000 ---p 00000000 00:00 0 
ffe00000-ffe35000 rw-p 0111e000 fd:01 21103478                           /usr/lib/jvm/java-11-openjdk-amd64/lib/server/classes.jsa
ffe35000-fff00000 rw-p 00000000 00:00 0 
fff00000-fff6a000 rw-p 010b4000 fd:01 21103478                           /usr/lib/jvm/java-11-openjdk-amd64/lib/server/classes.jsa
fff6a000-100000000 rw-p 00000000 00:00 0 
800000000-800002000 rwxp 00001000 fd:01 21103478                         /usr/lib/jvm/java-11-openjdk-amd64/lib/server/classes.jsa
800002000-8003bf000 rw-p 00003000 fd:01 21103478                         /usr/lib/jvm/java-11-openjdk-amd64/lib/server/classes.jsa
8003bf000-800a9c000 r--p 003c0000 fd:01 21103478                         /usr/lib/jvm/java-11-openjdk-amd64/lib/server/classes.jsa
800a9c000-800a9d000 rw-p 00a9d000 fd:01 21103478                         /usr/lib/jvm/java-11-openjdk-amd64/lib/server/classes.jsa
800a9d000-8010b3000 r--p 00a9e000 fd:01 21103478                         /usr/lib/jvm/java-11-openjdk-amd64/lib/server/classes.jsa
840000000-840080000 rw-p 00000000 00:00 0 
840080000-880000000 ---p 00000000 00:00 0 
55f03242c000-55f03242d000 r-xp 00000000 fd:01 20974671                   /usr/lib/jvm/java-11-openjdk-amd64/bin/java
55f03262d000-55f03262e000 r--p 00001000 fd:01 20974671                   /usr/lib/jvm/java-11-openjdk-amd64/bin/java
55f03262e000-55f03262f000 rw-p 00002000 fd:01 20974671                   /usr/lib/jvm/java-11-openjdk-amd64/bin/java
55f0342d9000-55f0342fa000 rw-p 00000000 00:00 0                          [heap]
7fad1c000000-7fad1c021000 rw-p 00000000 00:00 0 
7fad1c021000-7fad20000000 ---p 00000000 00:00 0 
7fad20000000-7fad20021000 rw-p 00000000 00:00 0 
7fad20021000-7fad24000000 ---p 00000000 00:00 0 
7fad24000000-7fad241fe000 rw-p 00000000 00:00 0 
7fad241fe000-7fad28000000 ---p 00000000 00:00 0 
7fad28000000-7fad28021000 rw-p 00000000 00:00 0 
7fad28021000-7fad2c000000 ---p 00000000 00:00 0 
7fad2c000000-7fad2c021000 rw-p 00000000 00:00 0 
7fad2c021000-7fad30000000 ---p 00000000 00:00 0 
7fad30000000-7fad30021000 rw-p 00000000 00:00 0 
7fad30021000-7fad34000000 ---p 00000000 00:00 0 
7fad34000000-7fad34021000 rw-p 00000000 00:00 0 
7fad34021000-7fad38000000 ---p 00000000 00:00 0 
7fad38000000-7fad38021000 rw-p 00000000 00:00 0 
7fad38021000-7fad3c000000 ---p 00000000 00:00 0 
7fad3c000000-7fad3c44a000 rw-p 00000000 00:00 0 
7fad3c44a000-7fad40000000 ---p 00000000 00:00 0 
7fad40000000-7fad40105000 rw-p 00000000 00:00 0 
7fad40105000-7fad44000000 ---p 00000000 00:00 0 
7fad44000000-7fad44021000 rw-p 00000000 00:00 0 
7fad44021000-7fad48000000 ---p 00000000 00:00 0 
7fad4b22a000-7fad4b22b000 ---p 00000000 00:00 0 
7fad4b22b000-7fad4b32c000 rw-p 00000000 00:00 0 
7fad4b32c000-7fad4b32d000 ---p 00000000 00:00 0 
7fad4b32d000-7fad4b42e000 rw-p 00000000 00:00 0 
7fad4b42e000-7fad4b42f000 ---p 00000000 00:00 0 
7fad4b42f000-7fad4b530000 rw-p 00000000 00:00 0 
7fad4b530000-7fad4b534000 ---p 00000000 00:00 0 
7fad4b534000-7fad4b631000 rw-p 00000000 00:00 0 
7fad4b631000-7fad4c000000 r--p 00000000 fd:01 20978286                   /usr/lib/locale/locale-archive
7fad4c000000-7fad4c021000 rw-p 00000000 00:00 0 
7fad4c021000-7fad50000000 ---p 00000000 00:00 0 
7fad50000000-7fad50021000 rw-p 00000000 00:00 0 
7fad50021000-7fad54000000 ---p 00000000 00:00 0 
7fad54000000-7fad54021000 rw-p 00000000 00:00 0 
7fad54021000-7fad58000000 ---p 00000000 00:00 0 
7fad58000000-7fad580e9000 rw-p 00000000 00:00 0 
7fad580e9000-7fad5c000000 ---p 00000000 00:00 0 
7fad5c000000-7fad5c021000 rw-p 00000000 00:00 0 
7fad5c021000-7fad60000000 ---p 00000000 00:00 0 
7fad60000000-7fad60021000 rw-p 00000000 00:00 0 
7fad60021000-7fad64000000 ---p 00000000 00:00 0 
7fad64000000-7fad64021000 rw-p 00000000 00:00 0 
7fad64021000-7fad68000000 ---p 00000000 00:00 0 
7fad680bb000-7fad680d1000 r-xp 00000000 fd:01 21104302                   /usr/lib/jvm/java-11-openjdk-amd64/lib/libnet.so
7fad680d1000-7fad682d0000 ---p 00016000 fd:01 21104302                   /usr/lib/jvm/java-11-openjdk-amd64/lib/libnet.so
7fad682d0000-7fad682d1000 r--p 00015000 fd:01 21104302                   /usr/lib/jvm/java-11-openjdk-amd64/lib/libnet.so
7fad682d1000-7fad682d2000 rw-p 00016000 fd:01 21104302                   /usr/lib/jvm/java-11-openjdk-amd64/lib/libnet.so
7fad682d2000-7fad682e2000 r-xp 00000000 fd:01 21104303                   /usr/lib/jvm/java-11-openjdk-amd64/lib/libnio.so
7fad682e2000-7fad684e1000 ---p 00010000 fd:01 21104303                   /usr/lib/jvm/java-11-openjdk-amd64/lib/libnio.so
7fad684e1000-7fad684e2000 r--p 0000f000 fd:01 21104303                   /usr/lib/jvm/java-11-openjdk-amd64/lib/libnio.so
7fad684e2000-7fad684e3000 rw-p 00010000 fd:01 21104303                   /usr/lib/jvm/java-11-openjdk-amd64/lib/libnio.so
7fad684e3000-7fad684e7000 ---p 00000000 00:00 0 
7fad684e7000-7fad685e4000 rw-p 00000000 00:00 0 
7fad685e4000-7fad685e5000 ---p 00000000 00:00 0 
7fad685e5000-7fad686e6000 rw-p 00000000 00:00 0 
7fad686e6000-7fad686ea000 ---p 00000000 00:00 0 
7fad686ea000-7fad687e7000 rw-p 00000000 00:00 0 
7fad687e7000-7fad687eb000 ---p 00000000 00:00 0 
7fad687eb000-7fad68d28000 rw-p 00000000 00:00 0 
7fad68d28000-7fad690e8000 ---p 00000000 00:00 0 
7fad690e8000-7fad6b60c000 rw-p 00000000 00:00 0 
7fad6b60c000-7fad6bff8000 ---p 00000000 00:00 0 
7fad6bff8000-7fad6c000000 rw-p 00000000 00:00 0 
7fad6c000000-7fad6c021000 rw-p 00000000 00:00 0 
7fad6c021000-7fad70000000 ---p 00000000 00:00 0 
7fad70066000-7fad70097000 rw-p 00000000 00:00 0 
7fad70097000-7fad7009b000 ---p 00000000 00:00 0 
7fad7009b000-7fad70198000 rw-p 00000000 00:00 0 
7fad70198000-7fad7019c000 ---p 00000000 00:00 0 
7fad7019c000-7fad70299000 rw-p 00000000 00:00 0 
7fad70299000-7fad7029d000 ---p 00000000 00:00 0 
7fad7029d000-7fad7039a000 rw-p 00000000 00:00 0 
7fad7039a000-7fad7039e000 ---p 00000000 00:00 0 
7fad7039e000-7fad7049b000 rw-p 00000000 00:00 0 
7fad7049b000-7fad7049f000 ---p 00000000 00:00 0 
7fad7049f000-7fad7059c000 rw-p 00000000 00:00 0 
7fad7059c000-7fad7059d000 ---p 00000000 00:00 0 
7fad7059d000-7fad7077a000 rw-p 00000000 00:00 0 
7fad7077a000-7fad7077b000 ---p 00000000 00:00 0 
7fad7077b000-7fad7087c000 rw-p 00000000 00:00 0 
7fad7087c000-7fad7087d000 ---p 00000000 00:00 0 
7fad7087d000-7fad7097e000 rw-p 00000000 00:00 0 
7fad7097e000-7fad70bee000 rwxp 00000000 00:00 0 
7fad70bee000-7fad70f0e000 ---p 00000000 00:00 0 
7fad70f0e000-7fad7117e000 rwxp 00000000 00:00 0 
7fad7117e000-7fad78446000 ---p 00000000 00:00 0 
7fad78446000-7fad786b6000 rwxp 00000000 00:00 0 
7fad786b6000-7fad7f97e000 ---p 00000000 00:00 0 
7fad7f97e000-7fad88000000 r--s 00000000 fd:01 21104312                   /usr/lib/jvm/java-11-openjdk-amd64/lib/modules
7fad88000000-7fad88127000 rw-p 00000000 00:00 0 
7fad88127000-7fad8c000000 ---p 00000000 00:00 0 
7fad8c02e000-7fad8c432000 rw-p 00000000 00:00 0 
7fad8c432000-7fad8c433000 ---p 00000000 00:00 0 
7fad8c433000-7fad8c534000 rw-p 00000000 00:00 0 
7fad8c534000-7fad8c535000 ---p 00000000 00:00 0 
7fad8c535000-7fad8cb5a000 rw-p 00000000 00:00 0 
7fad8cb5a000-7fad8d546000 ---p 00000000 00:00 0 
7fad8d546000-7fad8d5f3000 rw-p 00000000 00:00 0 
7fad8d5f3000-7fad8d730000 ---p 00000000 00:00 0 
7fad8d730000-7fad8d7d6000 rw-p 00000000 00:00 0 
7fad8d7d6000-7fad8d913000 ---p 00000000 00:00 0 
7fad8d913000-7fad8d9b9000 rw-p 00000000 00:00 0 
7fad8d9b9000-7fad8daf6000 ---p 00000000 00:00 0 
7fad8daf6000-7fad8defb000 rw-p 00000000 00:00 0 
7fad8defb000-7fad8defc000 ---p 00000000 00:00 0 
7fad8defc000-7fad8e002000 rw-p 00000000 00:00 0 
7fad8e002000-7fad8e0e8000 ---p 00000000 00:00 0 
7fad8e0e8000-7fad8e0ed000 rw-p 00000000 00:00 0 
7fad8e0ed000-7fad8e1d3000 ---p 00000000 00:00 0 
7fad8e1d3000-7fad8e1d8000 r-xp 00000000 fd:01 21104294                   /usr/lib/jvm/java-11-openjdk-amd64/lib/libjimage.so
7fad8e1d8000-7fad8e3d7000 ---p 00005000 fd:01 21104294                   /usr/lib/jvm/java-11-openjdk-amd64/lib/libjimage.so
7fad8e3d7000-7fad8e3d8000 r--p 00004000 fd:01 21104294                   /usr/lib/jvm/java-11-openjdk-amd64/lib/libjimage.so
7fad8e3d8000-7fad8e3d9000 rw-p 00005000 fd:01 21104294                   /usr/lib/jvm/java-11-openjdk-amd64/lib/libjimage.so
7fad8e3d9000-7fad8e3e0000 r-xp 00000000 fd:01 21104311                   /usr/lib/jvm/java-11-openjdk-amd64/lib/libzip.so
7fad8e3e0000-7fad8e5df000 ---p 00007000 fd:01 21104311                   /usr/lib/jvm/java-11-openjdk-amd64/lib/libzip.so
7fad8e5df000-7fad8e5e0000 r--p 00006000 fd:01 21104311                   /usr/lib/jvm/java-11-openjdk-amd64/lib/libzip.so
7fad8e5e0000-7fad8e5e1000 rw-p 00007000 fd:01 21104311                   /usr/lib/jvm/java-11-openjdk-amd64/lib/libzip.so
7fad8e5e1000-7fad8e60a000 r-xp 00000000 fd:01 21104290                   /usr/lib/jvm/java-11-openjdk-amd64/lib/libjava.so
7fad8e60a000-7fad8e809000 ---p 00029000 fd:01 21104290                   /usr/lib/jvm/java-11-openjdk-amd64/lib/libjava.so
7fad8e809000-7fad8e80a000 r--p 00028000 fd:01 21104290                   /usr/lib/jvm/java-11-openjdk-amd64/lib/libjava.so
7fad8e80a000-7fad8e80c000 rw-p 00029000 fd:01 21104290                   /usr/lib/jvm/java-11-openjdk-amd64/lib/libjava.so
7fad8e80c000-7fad8e819000 r-xp 00000000 fd:01 21104310                   /usr/lib/jvm/java-11-openjdk-amd64/lib/libverify.so
7fad8e819000-7fad8ea18000 ---p 0000d000 fd:01 21104310                   /usr/lib/jvm/java-11-openjdk-amd64/lib/libverify.so
7fad8ea18000-7fad8ea1a000 r--p 0000c000 fd:01 21104310                   /usr/lib/jvm/java-11-openjdk-amd64/lib/libverify.so
7fad8ea1a000-7fad8ea1b000 rw-p 0000e000 fd:01 21104310                   /usr/lib/jvm/java-11-openjdk-amd64/lib/libverify.so
7fad8ea1b000-7fad8ea22000 r-xp 00000000 fd:01 7082788                    /lib/x86_64-linux-gnu/librt-2.27.so
7fad8ea22000-7fad8ec21000 ---p 00007000 fd:01 7082788                    /lib/x86_64-linux-gnu/librt-2.27.so
7fad8ec21000-7fad8ec22000 r--p 00006000 fd:01 7082788                    /lib/x86_64-linux-gnu/librt-2.27.so
7fad8ec22000-7fad8ec23000 rw-p 00007000 fd:01 7082788                    /lib/x86_64-linux-gnu/librt-2.27.so
7fad8ec23000-7fad8ec3a000 r-xp 00000000 fd:01 7082469                    /lib/x86_64-linux-gnu/libgcc_s.so.1
7fad8ec3a000-7fad8ee39000 ---p 00017000 fd:01 7082469                    /lib/x86_64-linux-gnu/libgcc_s.so.1
7fad8ee39000-7fad8ee3a000 r--p 00016000 fd:01 7082469                    /lib/x86_64-linux-gnu/libgcc_s.so.1
7fad8ee3a000-7fad8ee3b000 rw-p 00017000 fd:01 7082469                    /lib/x86_64-linux-gnu/libgcc_s.so.1
7fad8ee3b000-7fad8efd8000 r-xp 00000000 fd:01 7082710                    /lib/x86_64-linux-gnu/libm-2.27.so
7fad8efd8000-7fad8f1d7000 ---p 0019d000 fd:01 7082710                    /lib/x86_64-linux-gnu/libm-2.27.so
7fad8f1d7000-7fad8f1d8000 r--p 0019c000 fd:01 7082710                    /lib/x86_64-linux-gnu/libm-2.27.so
7fad8f1d8000-7fad8f1d9000 rw-p 0019d000 fd:01 7082710                    /lib/x86_64-linux-gnu/libm-2.27.so
7fad8f1d9000-7fad8f352000 r-xp 00000000 fd:01 20973683                   /usr/lib/x86_64-linux-gnu/libstdc++.so.6.0.25
7fad8f352000-7fad8f552000 ---p 00179000 fd:01 20973683                   /usr/lib/x86_64-linux-gnu/libstdc++.so.6.0.25
7fad8f552000-7fad8f55c000 r--p 00179000 fd:01 20973683                   /usr/lib/x86_64-linux-gnu/libstdc++.so.6.0.25
7fad8f55c000-7fad8f55e000 rw-p 00183000 fd:01 20973683                   /usr/lib/x86_64-linux-gnu/libstdc++.so.6.0.25
7fad8f55e000-7fad8f562000 rw-p 00000000 00:00 0 
7fad8f562000-7fad9062a000 r-xp 00000000 fd:01 21104315                   /usr/lib/jvm/java-11-openjdk-amd64/lib/server/libjvm.so
7fad9062a000-7fad9082a000 ---p 010c8000 fd:01 21104315                   /usr/lib/jvm/java-11-openjdk-amd64/lib/server/libjvm.so
7fad9082a000-7fad908e7000 r--p 010c8000 fd:01 21104315                   /usr/lib/jvm/java-11-openjdk-amd64/lib/server/libjvm.so
7fad908e7000-7fad90920000 rw-p 01185000 fd:01 21104315                   /usr/lib/jvm/java-11-openjdk-amd64/lib/server/libjvm.so
7fad90920000-7fad90976000 rw-p 00000000 00:00 0 
7fad90976000-7fad90990000 r-xp 00000000 fd:01 7082780                    /lib/x86_64-linux-gnu/libpthread-2.27.so
7fad90990000-7fad90b8f000 ---p 0001a000 fd:01 7082780                    /lib/x86_64-linux-gnu/libpthread-2.27.so
7fad90b8f000-7fad90b90000 r--p 00019000 fd:01 7082780                    /lib/x86_64-linux-gnu/libpthread-2.27.so
7fad90b90000-7fad90b91000 rw-p 0001a000 fd:01 7082780                    /lib/x86_64-linux-gnu/libpthread-2.27.so
7fad90b91000-7fad90b95000 rw-p 00000000 00:00 0 
7fad90b95000-7fad90b98000 r-xp 00000000 fd:01 7082670                    /lib/x86_64-linux-gnu/libdl-2.27.so
7fad90b98000-7fad90d97000 ---p 00003000 fd:01 7082670                    /lib/x86_64-linux-gnu/libdl-2.27.so
7fad90d97000-7fad90d98000 r--p 00002000 fd:01 7082670                    /lib/x86_64-linux-gnu/libdl-2.27.so
7fad90d98000-7fad90d99000 rw-p 00003000 fd:01 7082670                    /lib/x86_64-linux-gnu/libdl-2.27.so
7fad90d99000-7fad90db5000 r-xp 00000000 fd:01 7082819                    /lib/x86_64-linux-gnu/libz.so.1.2.11
7fad90db5000-7fad90fb4000 ---p 0001c000 fd:01 7082819                    /lib/x86_64-linux-gnu/libz.so.1.2.11
7fad90fb4000-7fad90fb5000 r--p 0001b000 fd:01 7082819                    /lib/x86_64-linux-gnu/libz.so.1.2.11
7fad90fb5000-7fad90fb6000 rw-p 0001c000 fd:01 7082819                    /lib/x86_64-linux-gnu/libz.so.1.2.11
7fad90fb6000-7fad9119d000 r-xp 00000000 fd:01 7082647                    /lib/x86_64-linux-gnu/libc-2.27.so
7fad9119d000-7fad9139d000 ---p 001e7000 fd:01 7082647                    /lib/x86_64-linux-gnu/libc-2.27.so
7fad9139d000-7fad913a1000 r--p 001e7000 fd:01 7082647                    /lib/x86_64-linux-gnu/libc-2.27.so
7fad913a1000-7fad913a3000 rw-p 001eb000 fd:01 7082647                    /lib/x86_64-linux-gnu/libc-2.27.so
7fad913a3000-7fad913a7000 rw-p 00000000 00:00 0 
7fad913a7000-7fad913b6000 r-xp 00000000 fd:01 21104275                   /usr/lib/jvm/java-11-openjdk-amd64/lib/jli/libjli.so
7fad913b6000-7fad915b6000 ---p 0000f000 fd:01 21104275                   /usr/lib/jvm/java-11-openjdk-amd64/lib/jli/libjli.so
7fad915b6000-7fad915b7000 r--p 0000f000 fd:01 21104275                   /usr/lib/jvm/java-11-openjdk-amd64/lib/jli/libjli.so
7fad915b7000-7fad915b8000 rw-p 00010000 fd:01 21104275                   /usr/lib/jvm/java-11-openjdk-amd64/lib/jli/libjli.so
7fad915b8000-7fad915df000 r-xp 00000000 fd:01 7082619                    /lib/x86_64-linux-gnu/ld-2.27.so
7fad915fe000-7fad91689000 rw-p 00000000 00:00 0 
7fad91689000-7fad916be000 r--s 00000000 fd:01 29756239                   /var/cache/nscd/passwd
7fad916be000-7fad916c2000 ---p 00000000 00:00 0 
7fad916c2000-7fad917c1000 rw-p 00000000 00:00 0 
7fad917c5000-7fad917ca000 rw-p 00000000 00:00 0 
7fad917ca000-7fad917d1000 ---p 00000000 00:00 0 
7fad917d1000-7fad917d3000 r--s 00007000 fd:01 21364797                   /usr/share/java/java-atk-wrapper.jar
7fad917d3000-7fad917db000 rw-s 00000000 fd:01 16389675                   /tmp/hsperfdata_msd026/2363
7fad917db000-7fad917dc000 ---p 00000000 00:00 0 
7fad917dc000-7fad917dd000 r--p 00000000 00:00 0 
7fad917dd000-7fad917df000 rw-p 00000000 00:00 0 
7fad917df000-7fad917e0000 r--p 00027000 fd:01 7082619                    /lib/x86_64-linux-gnu/ld-2.27.so
7fad917e0000-7fad917e1000 rw-p 00028000 fd:01 7082619                    /lib/x86_64-linux-gnu/ld-2.27.so
7fad917e1000-7fad917e2000 rw-p 00000000 00:00 0 
7ffd0804f000-7ffd08070000 rw-p 00000000 00:00 0                          [stack]
7ffd08183000-7ffd08186000 r--p 00000000 00:00 0                          [vvar]
7ffd08186000-7ffd08188000 r-xp 00000000 00:00 0                          [vdso]
ffffffffff600000-ffffffffff601000 r-xp 00000000 00:00 0                  [vsyscall]


VM Arguments:
jvm_args: -Dfile.encoding=UTF-8 
java_command: com.st.model.Main
java_class_path (initial): /home/msd026/eclipse-workspace/UnitTest/bin:/home/msd026/.local/share/umake/ide/eclipse-jee/plugins/org.junit.jupiter.api_5.4.0.v20190212-2109.jar:/home/msd026/.local/share/umake/ide/eclipse-jee/plugins/org.junit.jupiter.engine_5.4.0.v20190212-2109.jar:/home/msd026/.local/share/umake/ide/eclipse-jee/plugins/org.junit.jupiter.migrationsupport_5.4.0.v20190212-2109.jar:/home/msd026/.local/share/umake/ide/eclipse-jee/plugins/org.junit.jupiter.params_5.4.0.v20190212-2109.jar:/home/msd026/.local/share/umake/ide/eclipse-jee/plugins/org.junit.platform.commons_1.4.0.v20190212-2109.jar:/home/msd026/.local/share/umake/ide/eclipse-jee/plugins/org.junit.platform.engine_1.4.0.v20190212-2109.jar:/home/msd026/.local/share/umake/ide/eclipse-jee/plugins/org.junit.platform.launcher_1.4.0.v20190212-2109.jar:/home/msd026/.local/share/umake/ide/eclipse-jee/plugins/org.junit.platform.runner_1.4.0.v20190212-2109.jar:/home/msd026/.local/share/umake/ide/eclipse-jee/plugins/org.junit.platform.suite.api_1.4.0.v20190212-2109.jar:/home/msd026/.local/share/umake/ide/eclipse-jee/plugins/org.junit.vintage.engine_5.4.0.v20190212-2109.jar:/home/msd026/.local/share/umake/ide/eclipse-jee/plugins/org.opentest4j_1.1.1.v20190212-2109.jar:/home/msd026/.local/share/umake/ide/eclipse-jee/plugins/org.apiguardian_1.0.0.v20190212-2109.jar:/home/msd026/.local/share/umake/ide/eclipse-jee/plugins/org.junit_4.12.0.v201504281640/junit.jar:/home/msd026/.local/share/umake/ide/eclipse-jee/plugins/org.hamcrest.core_1.3.0.v20180420-1519.jar
Launcher Type: SUN_STANDARD

[Global flags]
     intx CICompilerCount                          = 3                                         {product} {ergonomic}
     uint ConcGCThreads                            = 1                                         {product} {ergonomic}
     uint G1ConcRefinementThreads                  = 4                                         {product} {ergonomic}
   size_t G1HeapRegionSize                         = 1048576                                   {product} {ergonomic}
    uintx GCDrainStackTargetSize                   = 64                                        {product} {ergonomic}
   size_t InitialHeapSize                          = 65011712                                  {product} {ergonomic}
   size_t MarkStackSize                            = 4194304                                   {product} {ergonomic}
   size_t MaxHeapSize                              = 1012924416                                {product} {ergonomic}
   size_t MaxNewSize                               = 607125504                                 {product} {ergonomic}
   size_t MinHeapDeltaBytes                        = 1048576                                   {product} {ergonomic}
    uintx NonNMethodCodeHeapSize                   = 5830092                                {pd product} {ergonomic}
    uintx NonProfiledCodeHeapSize                  = 122914074                              {pd product} {ergonomic}
    uintx ProfiledCodeHeapSize                     = 122914074                              {pd product} {ergonomic}
    uintx ReservedCodeCacheSize                    = 251658240                              {pd product} {ergonomic}
     bool SegmentedCodeCache                       = true                                      {product} {ergonomic}
     bool UseCompressedClassPointers               = true                                 {lp64_product} {ergonomic}
     bool UseCompressedOops                        = true                                 {lp64_product} {ergonomic}
     bool UseG1GC                                  = true                                      {product} {ergonomic}

Logging:
Log output configuration:
 #0: stdout all=warning uptime,level,tags
 #1: stderr all=off uptime,level,tags

Environment Variables:
JAVA_HOME=/usr/lib/jvm/java-8-openjdk-amd64/bin
CLASSPATH=/usr/lib/jvm/java-8-openjdk-amd64/lib
PATH=/home/msd026/.local/share/umake/bin:/home/msd026/.local/bin:/usr/local/sbin:/usr/local/bin:/usr/sbin:/usr/bin:/sbin:/bin:/usr/games:/usr/local/games:/snap/bin
USERNAME=msd026
SHELL=/bin/bash
DISPLAY=:0

Signal Handlers:
SIGSEGV: [libjvm.so+0xde2f90], sa_mask[0]=11111111011111111101111111111110, sa_flags=SA_RESTART|SA_SIGINFO
SIGBUS: [libjvm.so+0xde2f90], sa_mask[0]=11111111011111111101111111111110, sa_flags=SA_RESTART|SA_SIGINFO
SIGFPE: [libjvm.so+0xde2f90], sa_mask[0]=11111111011111111101111111111110, sa_flags=SA_RESTART|SA_SIGINFO
SIGPIPE: [libjvm.so+0xbb85d0], sa_mask[0]=11111111011111111101111111111110, sa_flags=SA_RESTART|SA_SIGINFO
SIGXFSZ: [libjvm.so+0xbb85d0], sa_mask[0]=11111111011111111101111111111110, sa_flags=SA_RESTART|SA_SIGINFO
SIGILL: [libjvm.so+0xde2f90], sa_mask[0]=11111111011111111101111111111110, sa_flags=SA_RESTART|SA_SIGINFO
SIGUSR2: [libjvm.so+0xbb8470], sa_mask[0]=00100000000000000000000000000000, sa_flags=SA_RESTART|SA_SIGINFO
SIGHUP: [libjvm.so+0xbb87d0], sa_mask[0]=11111111011111111101111111111110, sa_flags=SA_RESTART|SA_SIGINFO
SIGINT: [libjvm.so+0xbb87d0], sa_mask[0]=11111111011111111101111111111110, sa_flags=SA_RESTART|SA_SIGINFO
SIGTERM: [libjvm.so+0xbb87d0], sa_mask[0]=11111111011111111101111111111110, sa_flags=SA_RESTART|SA_SIGINFO
SIGQUIT: [libjvm.so+0xbb87d0], sa_mask[0]=11111111011111111101111111111110, sa_flags=SA_RESTART|SA_SIGINFO


---------------  S Y S T E M  ---------------

OS:DISTRIB_ID=Ubuntu
DISTRIB_RELEASE=18.04
DISTRIB_CODENAME=bionic
DISTRIB_DESCRIPTION="Ubuntu 18.04.2 LTS"
uname:Linux 4.15.0-54-generic #58-Ubuntu SMP Mon Jun 24 10:55:24 UTC 2019 x86_64
libc:glibc 2.27 NPTL 2.27 
rlimit: STACK 8192k, CORE 0k, NPROC 14927, NOFILE 1048576, AS infinity, DATA infinity, FSIZE infinity
load average:4.79 2.85 2.00

/proc/meminfo:
MemTotal:        3952552 kB
MemFree:          107776 kB
MemAvailable:      50900 kB
Buffers:            2940 kB
Cached:           456460 kB
SwapCached:       123216 kB
Active:          2938396 kB
Inactive:         636884 kB
Active(anon):    2901096 kB
Inactive(anon):   595368 kB
Active(file):      37300 kB
Inactive(file):    41516 kB
Unevictable:         984 kB
Mlocked:             984 kB
SwapTotal:       1003516 kB
SwapFree:              0 kB
Dirty:               416 kB
Writeback:           700 kB
AnonPages:       2994492 kB
Mapped:           178356 kB
Shmem:            380336 kB
Slab:             108200 kB
SReclaimable:      44184 kB
SUnreclaim:        64016 kB
KernelStack:       16176 kB
PageTables:        72496 kB
NFS_Unstable:          0 kB
Bounce:                0 kB
WritebackTmp:          0 kB
CommitLimit:     2979792 kB
Committed_AS:   11540744 kB
VmallocTotal:   34359738367 kB
VmallocUsed:           0 kB
VmallocChunk:          0 kB
HardwareCorrupted:     0 kB
AnonHugePages:         0 kB
ShmemHugePages:        0 kB
ShmemPmdMapped:        0 kB
CmaTotal:              0 kB
CmaFree:               0 kB
HugePages_Total:       0
HugePages_Free:        0
HugePages_Rsvd:        0
HugePages_Surp:        0
Hugepagesize:       2048 kB
DirectMap4k:      501504 kB
DirectMap2M:     3608576 kB
DirectMap1G:           0 kB


/proc/sys/kernel/threads-max (system-wide limit on the number of threads):
29854


/proc/sys/vm/max_map_count (maximum number of memory map areas a process may have):
65530


/proc/sys/kernel/pid_max (system-wide limit on number of process identifiers):
32768



container (cgroup) information:
container_type: cgroupv1
cpu_cpuset_cpus: 0-3
cpu_memory_nodes: 0
active_processor_count: 4
cpu_quota: -1
cpu_period: 100000
cpu_shares: -1
memory_limit_in_bytes: -1
memory_and_swap_limit_in_bytes: -2
memory_soft_limit_in_bytes: -1
memory_usage_in_bytes: 3649011712
memory_max_usage_in_bytes: 10096640


CPU:total 4 (initial active 4) (2 cores per cpu, 2 threads per core) family 6 model 69 stepping 1, cmov, cx8, fxsr, mmx, sse, sse2, sse3, ssse3, sse4.1, sse4.2, popcnt, avx, avx2, aes, clmul, erms, lzcnt, ht, tsc, tscinvbit, bmi1, bmi2, fma
CPU Model and flags from /proc/cpuinfo:
model name	: Intel(R) Core(TM) i3-4005U CPU @ 1.70GHz
flags		: fpu vme de pse tsc msr pae mce cx8 apic sep mtrr pge mca cmov pat pse36 clflush dts acpi mmx fxsr sse sse2 ss ht tm pbe syscall nx pdpe1gb rdtscp lm constant_tsc arch_perfmon pebs bts rep_good nopl xtopology nonstop_tsc cpuid aperfmperf pni pclmulqdq dtes64 monitor ds_cpl vmx est tm2 ssse3 sdbg fma cx16 xtpr pdcm pcid sse4_1 sse4_2 movbe popcnt tsc_deadline_timer aes xsave avx f16c rdrand lahf_lm abm cpuid_fault epb invpcid_single pti ssbd ibrs ibpb stibp tpr_shadow vnmi flexpriority ept vpid fsgsbase tsc_adjust bmi1 avx2 smep bmi2 erms invpcid xsaveopt dtherm ida arat pln pts md_clear flush_l1d

Memory: 4k page, physical 3952552k(107280k free), swap 1003516k(0k free)

vm_info: OpenJDK 64-Bit Server VM (11.0.3+7-Ubuntu-1ubuntu218.04.1) for linux-amd64 JRE (11.0.3+7-Ubuntu-1ubuntu218.04.1), built on Apr 23 2019 18:34:35 by "buildd" with gcc 7.3.0

END.
